This file contains any messages produced by compilers while
running configure, to aid debugging if configure makes a mistake.

It was created by configure, which was
generated by GNU Autoconf 2.61.  Invocation command line was

  $ ../../../../newlib-src/libgloss/doc/configure --disable-option-checking --prefix=/usr --with-newlib --enable-multilib --with-cross-host=x86_64-pc-linux-gnu --program-transform-name=s&^&i686-reduceOS-& --with-target-subdir=i686-reduceOS --build=x86_64-pc-linux-gnu --host=i686-reduceOS --target=i686-reduceOS build_alias=x86_64-pc-linux-gnu host_alias=i686-reduceOS target_alias=i686-reduceOS --cache-file=.././config.cache --srcdir=../../../../newlib-src/libgloss/doc

## --------- ##
## Platform. ##
## --------- ##

hostname = samuel-desktop
uname -m = x86_64
uname -r = 5.15.0-105-generic
uname -s = Linux
uname -v = #115~20.04.1-Ubuntu SMP Mon Apr 15 17:33:04 UTC 2024

/usr/bin/uname -p = x86_64
/bin/uname -X     = unknown

/bin/arch              = x86_64
/usr/bin/arch -k       = unknown
/usr/convex/getsysinfo = unknown
/usr/bin/hostinfo      = unknown
/bin/machine           = unknown
/usr/bin/oslevel       = unknown
/bin/universe          = unknown

PATH: /home/samuel/.local/bin
PATH: /opt/devkitpro/tools/bin
PATH: /home/samuel/.local/bin
PATH: /opt/devkitpro/tools/bin
PATH: /usr/local/sbin
PATH: /usr/local/bin
PATH: /usr/sbin
PATH: /usr/bin
PATH: /sbin
PATH: /bin
PATH: /usr/games
PATH: /usr/local/games
PATH: /snap/bin
PATH: /snap/bin
PATH: /home/samuel/.dotnet/tools
PATH: /home/samuel/.dotnet/tools
PATH: /home/samuel/.local/bin
PATH: /opt/android-studio/bin/
PATH: /home/samuel/.local/bin
PATH: /opt/android-studio/bin/


## ----------- ##
## Core tests. ##
## ----------- ##

configure:1520: loading cache .././config.cache
configure:1687: checking for a BSD-compatible install
configure:1743: result: /usr/bin/install -c
configure:1879: creating ./config.status

## ---------------------- ##
## Running config.status. ##
## ---------------------- ##

This file was extended by config.status, which was
generated by GNU Autoconf 2.61.  Invocation command line was

  CONFIG_FILES    = 
  CONFIG_HEADERS  = 
  CONFIG_LINKS    = 
  CONFIG_COMMANDS = 
  $ ./config.status 

on samuel-desktop

config.status:568: creating Makefile

## ---------------- ##
## Cache variables. ##
## ---------------- ##

ac_cv_build=x86_64-pc-linux-gnu
ac_cv_c_compiler_gnu=yes
ac_cv_env_CCASFLAGS_set=
ac_cv_env_CCASFLAGS_value=
ac_cv_env_CCAS_set=
ac_cv_env_CCAS_value=
ac_cv_env_build_alias_set=set
ac_cv_env_build_alias_value=x86_64-pc-linux-gnu
ac_cv_env_host_alias_set=set
ac_cv_env_host_alias_value=i686-reduceOS
ac_cv_env_target_alias_set=set
ac_cv_env_target_alias_value=i686-reduceOS
ac_cv_host=i686-pc-reduceOS
ac_cv_prog_AR=i686-reduceOS-ar
ac_cv_prog_AWK=gawk
ac_cv_prog_CC='i686-reduceOS-cc -B/home/samuel/Desktop/reduceOS/source/newlib/newlib-build/i686-reduceOS/newlib/ -isystem /home/samuel/Desktop/reduceOS/source/newlib/newlib-build/i686-reduceOS/newlib/targ-include -isystem /home/samuel/Desktop/reduceOS/source/newlib/newlib-src/newlib/libc/include -B/home/samuel/Desktop/reduceOS/source/newlib/newlib-build/i686-reduceOS/libgloss/i386 -L/home/samuel/Desktop/reduceOS/source/newlib/newlib-build/i686-reduceOS/libgloss/libnosys -L/home/samuel/Desktop/reduceOS/source/newlib/newlib-src/libgloss/i386   '
ac_cv_prog_RANLIB=i686-reduceOS-ranlib
ac_cv_prog_STRIP=i686-reduceOS-strip
ac_cv_prog_cc_g=no
ac_cv_prog_make_make_set=yes
ac_cv_target=i686-pc-reduceOS
am_cv_CC_dependencies_compiler_type=gcc3

## ----------------- ##
## Output variables. ##
## ----------------- ##

DEFS='-DPACKAGE_NAME=\"\" -DPACKAGE_TARNAME=\"\" -DPACKAGE_VERSION=\"\" -DPACKAGE_STRING=\"\" -DPACKAGE_BUGREPORT=\"\"'
ECHO_C=''
ECHO_N='-n'
ECHO_T=''
INSTALL_DATA='/usr/bin/install -c -m 644'
INSTALL_PROGRAM='/usr/bin/install -c'
INSTALL_SCRIPT='/usr/bin/install -c'
LIBOBJS=''
LIBS=''
LTLIBOBJS=''
PACKAGE_BUGREPORT=''
PACKAGE_NAME=''
PACKAGE_STRING=''
PACKAGE_TARNAME=''
PACKAGE_VERSION=''
PATH_SEPARATOR=':'
SHELL='/bin/bash'
bindir='${exec_prefix}/bin'
build_alias='x86_64-pc-linux-gnu'
datadir='${datarootdir}'
datarootdir='${prefix}/share'
docdir='${datarootdir}/doc/${PACKAGE}'
dvidir='${docdir}'
exec_prefix='${prefix}'
host_alias='i686-reduceOS'
htmldir='${docdir}'
includedir='${prefix}/include'
infodir='${datarootdir}/info'
libdir='${exec_prefix}/lib'
libexecdir='${exec_prefix}/libexec'
localedir='${datarootdir}/locale'
localstatedir='${prefix}/var'
mandir='${datarootdir}/man'
oldincludedir='/usr/include'
pdfdir='${docdir}'
prefix='/usr'
program_transform_name='s&^&i686-reduceOS-&'
psdir='${docdir}'
sbindir='${exec_prefix}/sbin'
sharedstatedir='${prefix}/com'
sysconfdir='${prefix}/etc'
target_alias='i686-reduceOS'

## ----------- ##
## confdefs.h. ##
## ----------- ##

#define PACKAGE_NAME ""
#define PACKAGE_TARNAME ""
#define PACKAGE_VERSION ""
#define PACKAGE_STRING ""
#define PACKAGE_BUGREPORT ""

configure: exit 0
