This file contains any messages produced by compilers while
running configure, to aid debugging if configure makes a mistake.

It was created by configure, which was
generated by GNU Autoconf 2.64.  Invocation command line was

  $ ../newlib-src/configure --target=i686-reduceOS --prefix /usr CFLAGS= CC=

## --------- ##
## Platform. ##
## --------- ##

hostname = samuel-desktop
uname -m = x86_64
uname -r = 5.15.0-105-generic
uname -s = Linux
uname -v = #115~20.04.1-Ubuntu SMP Mon Apr 15 17:33:04 UTC 2024

/usr/bin/uname -p = x86_64
/bin/uname -X     = unknown

/bin/arch              = x86_64
/usr/bin/arch -k       = unknown
/usr/convex/getsysinfo = unknown
/usr/bin/hostinfo      = unknown
/bin/machine           = unknown
/usr/bin/oslevel       = unknown
/bin/universe          = unknown

PATH: /opt/devkitpro/tools/bin
PATH: /home/samuel/.local/bin
PATH: /opt/devkitpro/tools/bin
PATH: /usr/local/sbin
PATH: /usr/local/bin
PATH: /usr/sbin
PATH: /usr/bin
PATH: /sbin
PATH: /bin
PATH: /usr/games
PATH: /usr/local/games
PATH: /snap/bin
PATH: /snap/bin
PATH: /home/samuel/.dotnet/tools
PATH: /home/samuel/.dotnet/tools
PATH: /home/samuel/.local/bin
PATH: /opt/android-studio/bin/
PATH: /home/samuel/.local/bin
PATH: /opt/android-studio/bin/


## ----------- ##
## Core tests. ##
## ----------- ##

configure:2293: checking build system type
configure:2307: result: x86_64-pc-linux-gnu
configure:2354: checking host system type
configure:2367: result: x86_64-pc-linux-gnu
configure:2387: checking target system type
configure:2400: result: i686-pc-reduceOS
configure:2454: checking for a BSD-compatible install
configure:2522: result: /usr/bin/install -c
configure:2533: checking whether ln works
configure:2555: result: yes
configure:2559: checking whether ln -s works
configure:2563: result: yes
configure:2570: checking for a sed that does not truncate output
configure:2634: result: /usr/bin/sed
configure:2643: checking for gawk
configure:2659: found /usr/bin/gawk
configure:2670: result: gawk
configure:4113: checking for gcc
configure:4129: found /usr/bin/gcc
configure:4140: result: gcc
configure:4369: checking for C compiler version
configure:4378: gcc --version >&5
gcc (Ubuntu 10.5.0-1ubuntu1~20.04) 10.5.0
Copyright (C) 2020 Free Software Foundation, Inc.
This is free software; see the source for copying conditions.  There is NO
warranty; not even for MERCHANTABILITY or FITNESS FOR A PARTICULAR PURPOSE.

configure:4389: $? = 0
configure:4378: gcc -v >&5
Using built-in specs.
COLLECT_GCC=gcc
COLLECT_LTO_WRAPPER=/usr/lib/gcc/x86_64-linux-gnu/10/lto-wrapper
OFFLOAD_TARGET_NAMES=nvptx-none:amdgcn-amdhsa:hsa
OFFLOAD_TARGET_DEFAULT=1
Target: x86_64-linux-gnu
Configured with: ../src/configure -v --with-pkgversion='Ubuntu 10.5.0-1ubuntu1~20.04' --with-bugurl=file:///usr/share/doc/gcc-10/README.Bugs --enable-languages=c,ada,c++,go,brig,d,fortran,objc,obj-c++,m2 --prefix=/usr --with-gcc-major-version-only --program-suffix=-10 --program-prefix=x86_64-linux-gnu- --enable-shared --enable-linker-build-id --libexecdir=/usr/lib --without-included-gettext --enable-threads=posix --libdir=/usr/lib --enable-nls --enable-bootstrap --enable-clocale=gnu --enable-libstdcxx-debug --enable-libstdcxx-time=yes --with-default-libstdcxx-abi=new --enable-gnu-unique-object --disable-vtable-verify --enable-plugin --enable-default-pie --with-system-zlib --enable-libphobos-checking=release --with-target-system-zlib=auto --enable-objc-gc=auto --enable-multiarch --disable-werror --with-arch-32=i686 --with-abi=m64 --with-multilib-list=m32,m64,mx32 --enable-multilib --with-tune=generic --enable-offload-targets=nvptx-none=/build/gcc-10-g5VkgL/gcc-10-10.5.0/debian/tmp-nvptx/usr,amdgcn-amdhsa=/build/gcc-10-g5VkgL/gcc-10-10.5.0/debian/tmp-gcn/usr,hsa --without-cuda-driver --enable-checking=release --build=x86_64-linux-gnu --host=x86_64-linux-gnu --target=x86_64-linux-gnu --with-build-config=bootstrap-lto-lean --enable-link-mutex
Thread model: posix
Supported LTO compression algorithms: zlib zstd
gcc version 10.5.0 (Ubuntu 10.5.0-1ubuntu1~20.04) 
... rest of stderr output deleted ...
configure:4389: $? = 0
configure:4378: gcc -V >&5
gcc: error: unrecognized command-line option '-V'
gcc: fatal error: no input files
compilation terminated.
configure:4389: $? = 1
configure:4378: gcc -qversion >&5
gcc: error: unrecognized command-line option '-qversion'; did you mean '--version'?
gcc: fatal error: no input files
compilation terminated.
configure:4389: $? = 1
configure:4409: checking for C compiler default output file name
configure:4431: gcc    conftest.c  >&5
configure:4435: $? = 0
configure:4472: result: a.out
configure:4488: checking whether the C compiler works
configure:4497: ./a.out
configure:4501: $? = 0
configure:4516: result: yes
configure:4523: checking whether we are cross compiling
configure:4525: result: no
configure:4528: checking for suffix of executables
configure:4535: gcc -o conftest    conftest.c  >&5
configure:4539: $? = 0
configure:4561: result: 
configure:4567: checking for suffix of object files
configure:4589: gcc -c   conftest.c >&5
configure:4593: $? = 0
configure:4614: result: o
configure:4618: checking whether we are using the GNU C compiler
configure:4637: gcc -c   conftest.c >&5
configure:4637: $? = 0
configure:4646: result: yes
configure:4655: checking whether gcc accepts -g
configure:4675: gcc -c -g  conftest.c >&5
configure:4675: $? = 0
configure:4716: result: yes
configure:4733: checking for gcc option to accept ISO C89
configure:4797: gcc  -c   conftest.c >&5
configure:4797: $? = 0
configure:4810: result: none needed
configure:4888: checking for g++
configure:4904: found /usr/bin/g++
configure:4915: result: g++
configure:4942: checking for C++ compiler version
configure:4951: g++ --version >&5
g++ (Ubuntu 9.4.0-1ubuntu1~20.04.2) 9.4.0
Copyright (C) 2019 Free Software Foundation, Inc.
This is free software; see the source for copying conditions.  There is NO
warranty; not even for MERCHANTABILITY or FITNESS FOR A PARTICULAR PURPOSE.

configure:4962: $? = 0
configure:4951: g++ -v >&5
Using built-in specs.
COLLECT_GCC=g++
COLLECT_LTO_WRAPPER=/usr/lib/gcc/x86_64-linux-gnu/9/lto-wrapper
OFFLOAD_TARGET_NAMES=nvptx-none:hsa
OFFLOAD_TARGET_DEFAULT=1
Target: x86_64-linux-gnu
Configured with: ../src/configure -v --with-pkgversion='Ubuntu 9.4.0-1ubuntu1~20.04.2' --with-bugurl=file:///usr/share/doc/gcc-9/README.Bugs --enable-languages=c,ada,c++,go,brig,d,fortran,objc,obj-c++,gm2 --prefix=/usr --with-gcc-major-version-only --program-suffix=-9 --program-prefix=x86_64-linux-gnu- --enable-shared --enable-linker-build-id --libexecdir=/usr/lib --without-included-gettext --enable-threads=posix --libdir=/usr/lib --enable-nls --enable-clocale=gnu --enable-libstdcxx-debug --enable-libstdcxx-time=yes --with-default-libstdcxx-abi=new --enable-gnu-unique-object --disable-vtable-verify --enable-plugin --enable-default-pie --with-system-zlib --with-target-system-zlib=auto --enable-objc-gc=auto --enable-multiarch --disable-werror --with-arch-32=i686 --with-abi=m64 --with-multilib-list=m32,m64,mx32 --enable-multilib --with-tune=generic --enable-offload-targets=nvptx-none=/build/gcc-9-9QDOt0/gcc-9-9.4.0/debian/tmp-nvptx/usr,hsa --without-cuda-driver --enable-checking=release --build=x86_64-linux-gnu --host=x86_64-linux-gnu --target=x86_64-linux-gnu
Thread model: posix
gcc version 9.4.0 (Ubuntu 9.4.0-1ubuntu1~20.04.2) 
configure:4962: $? = 0
configure:4951: g++ -V >&5
g++: error: unrecognized command line option '-V'
g++: fatal error: no input files
compilation terminated.
configure:4962: $? = 1
configure:4951: g++ -qversion >&5
g++: error: unrecognized command line option '-qversion'; did you mean '--version'?
g++: fatal error: no input files
compilation terminated.
configure:4962: $? = 1
configure:4966: checking whether we are using the GNU C++ compiler
configure:4985: g++ -c   conftest.cpp >&5
configure:4985: $? = 0
configure:4994: result: yes
configure:5003: checking whether g++ accepts -g
configure:5023: g++ -c -g  conftest.cpp >&5
configure:5023: $? = 0
configure:5064: result: yes
configure:5113: checking whether g++ accepts -static-libstdc++ -static-libgcc
configure:5130: g++ -o conftest -g -O2   -static-libstdc++ -static-libgcc conftest.cpp  >&5
configure:5130: $? = 0
configure:5131: result: yes
configure:5195: checking for gnatbind
configure:5225: result: no
configure:5287: checking for gnatmake
configure:5317: result: no
configure:5336: checking whether compiler driver understands Ada
configure:5359: result: no
configure:5368: checking how to compare bootstrapped objects
configure:5393: result: cmp --ignore-initial=16 $$f1 $$f2
configure:5453: checking for objdir
configure:5468: result: .libs
configure:6012: checking for isl 0.16, 0.15, or deprecated 0.14
configure:6025: gcc -o conftest       -lisl -lmpc -lmpfr -lgmp conftest.c  -lisl -lgmp >&5
conftest.c:10:10: fatal error: isl/ctx.h: No such file or directory
   10 | #include <isl/ctx.h>
      |          ^~~~~~~~~~~
compilation terminated.
configure:6025: $? = 1
configure: failed program was:
| /* confdefs.h */
| #define PACKAGE_NAME ""
| #define PACKAGE_TARNAME ""
| #define PACKAGE_VERSION ""
| #define PACKAGE_STRING ""
| #define PACKAGE_BUGREPORT ""
| #define PACKAGE_URL ""
| #define LT_OBJDIR ".libs/"
| /* end confdefs.h.  */
| #include <isl/ctx.h>
| int
| main ()
| {
| isl_ctx_get_max_operations (isl_ctx_alloc ());
|   ;
|   return 0;
| }
configure:6032: result: no
configure:6036: result: recommended isl version is 0.16 or 0.15, the minimum required isl version 0.14 is deprecated
configure:6040: checking for isl 0.16 or 0.15
configure:6053: gcc -o conftest       -lisl -lmpc -lmpfr -lgmp conftest.c  -lisl -lgmp >&5
conftest.c:10:10: fatal error: isl/schedule.h: No such file or directory
   10 | #include <isl/schedule.h>
      |          ^~~~~~~~~~~~~~~~
compilation terminated.
configure:6053: $? = 1
configure: failed program was:
| /* confdefs.h */
| #define PACKAGE_NAME ""
| #define PACKAGE_TARNAME ""
| #define PACKAGE_VERSION ""
| #define PACKAGE_STRING ""
| #define PACKAGE_BUGREPORT ""
| #define PACKAGE_URL ""
| #define LT_OBJDIR ".libs/"
| /* end confdefs.h.  */
| #include <isl/schedule.h>
| int
| main ()
| {
| isl_options_set_schedule_serialize_sccs (NULL, 0);
|   ;
|   return 0;
| }
configure:6060: result: no
configure:7064: checking for default BUILD_CONFIG
configure:7096: result: 
configure:7101: checking for --enable-vtable-verify
configure:7114: result: no
configure:7710: checking for bison
configure:7726: found /usr/bin/bison
configure:7737: result: bison -y
configure:7757: checking for bison
configure:7773: found /usr/bin/bison
configure:7784: result: bison
configure:7804: checking for gm4
configure:7834: result: no
configure:7804: checking for gnum4
configure:7834: result: no
configure:7804: checking for m4
configure:7820: found /usr/bin/m4
configure:7831: result: m4
configure:7851: checking for flex
configure:7867: found /usr/bin/flex
configure:7878: result: flex
configure:7899: checking for flex
configure:7915: found /usr/bin/flex
configure:7926: result: flex
configure:7946: checking for makeinfo
configure:7962: found /usr/bin/makeinfo
configure:7973: result: makeinfo
configure:8007: checking for expect
configure:8037: result: no
configure:8056: checking for runtest
configure:8086: result: no
configure:8120: checking for ar
configure:8147: result: i686-elf-ar
configure:8261: checking for as
configure:8288: result: i686-elf-as
configure:8483: checking for dlltool
configure:8513: result: no
configure:8543: checking for ld
configure:8570: result: i686-elf-ld
configure:8765: checking for lipo
configure:8795: result: no
configure:8825: checking for nm
configure:8852: result: i686-elf-nm
configure:9047: checking for ranlib
configure:9063: found /usr/bin/ranlib
configure:9074: result: ranlib
configure:9183: checking for strip
configure:9199: found /usr/bin/strip
configure:9210: result: strip
configure:9319: checking for windres
configure:9349: result: no
configure:9460: checking for windmc
configure:9490: result: no
configure:9601: checking for objcopy
configure:9617: found /usr/bin/objcopy
configure:9628: result: objcopy
configure:9742: checking for objdump
configure:9758: found /usr/bin/objdump
configure:9769: result: objdump
configure:9883: checking for readelf
configure:9899: found /usr/bin/readelf
configure:9910: result: readelf
configure:10024: checking for i686-reduceOS-cc
configure:10040: found /usr/bin/i686-reduceOS-cc
configure:10051: result: i686-reduceOS-cc
configure:10185: checking for i686-reduceOS-c++
configure:10215: result: no
configure:10185: checking for i686-reduceOS-g++
configure:10215: result: no
configure:10185: checking for i686-reduceOS-cxx
configure:10215: result: no
configure:10185: checking for i686-reduceOS-gxx
configure:10215: result: no
configure:10346: checking for i686-reduceOS-gcc
configure:10362: found /usr/bin/i686-reduceOS-gcc
configure:10373: result: i686-reduceOS-gcc
configure:10502: checking for i686-reduceOS-gcj
configure:10532: result: no
configure:10663: checking for i686-reduceOS-gfortran
configure:10693: result: no
configure:10824: checking for i686-reduceOS-gccgo
configure:10854: result: no
configure:11065: checking for i686-reduceOS-ar
configure:11081: found /usr/bin/i686-reduceOS-ar
configure:11092: result: i686-reduceOS-ar
configure:11295: checking for i686-reduceOS-as
configure:11311: found /usr/bin/i686-reduceOS-as
configure:11322: result: i686-reduceOS-as
configure:11525: checking for i686-reduceOS-dlltool
configure:11555: result: no
configure:11755: checking for i686-reduceOS-ld
configure:11785: result: no
configure:11985: checking for i686-reduceOS-lipo
configure:12015: result: no
configure:12215: checking for i686-reduceOS-nm
configure:12245: result: no
configure:12445: checking for i686-reduceOS-objcopy
configure:12475: result: no
configure:12675: checking for i686-reduceOS-objdump
configure:12705: result: no
configure:12905: checking for i686-reduceOS-ranlib
configure:12921: found /usr/bin/i686-reduceOS-ranlib
configure:12932: result: i686-reduceOS-ranlib
configure:13135: checking for i686-reduceOS-readelf
configure:13165: result: no
configure:13365: checking for i686-reduceOS-strip
configure:13395: result: no
configure:13595: checking for i686-reduceOS-windres
configure:13625: result: no
configure:13825: checking for i686-reduceOS-windmc
configure:13855: result: no
configure:13922: checking where to find the target ar
configure:13959: result: pre-installed
configure:13964: checking where to find the target as
configure:14001: result: pre-installed
configure:14006: checking where to find the target cc
configure:14043: result: pre-installed
configure:14048: checking where to find the target c++
configure:14088: result: pre-installed
configure:14093: checking where to find the target c++ for libstdc++
configure:14133: result: pre-installed
configure:14138: checking where to find the target dlltool
configure:14175: result: pre-installed
configure:14180: checking where to find the target gcc
configure:14217: result: pre-installed
configure:14222: checking where to find the target gcj
configure:14262: result: pre-installed
configure:14267: checking where to find the target gfortran
configure:14307: result: pre-installed
configure:14312: checking where to find the target gccgo
configure:14352: result: pre-installed
configure:14357: checking where to find the target ld
configure:14394: result: pre-installed
configure:14399: checking where to find the target lipo
configure:14425: result: pre-installed
configure:14430: checking where to find the target nm
configure:14467: result: pre-installed
configure:14472: checking where to find the target objcopy
configure:14509: result: pre-installed
configure:14514: checking where to find the target objdump
configure:14551: result: pre-installed
configure:14556: checking where to find the target ranlib
configure:14593: result: pre-installed
configure:14598: checking where to find the target readelf
configure:14635: result: pre-installed
configure:14640: checking where to find the target strip
configure:14677: result: pre-installed
configure:14682: checking where to find the target windres
configure:14719: result: pre-installed
configure:14724: checking where to find the target windmc
configure:14761: result: pre-installed
configure:14794: checking whether to enable maintainer-specific portions of Makefiles
configure:14803: result: no
configure:15053: creating ./config.status

## ---------------------- ##
## Running config.status. ##
## ---------------------- ##

This file was extended by config.status, which was
generated by GNU Autoconf 2.64.  Invocation command line was

  CONFIG_FILES    = 
  CONFIG_HEADERS  = 
  CONFIG_LINKS    = 
  CONFIG_COMMANDS = 
  $ ./config.status 

on samuel-desktop

config.status:910: creating Makefile

## ---------------- ##
## Cache variables. ##
## ---------------- ##

ac_cv_build=x86_64-pc-linux-gnu
ac_cv_c_compiler_gnu=yes
ac_cv_cxx_compiler_gnu=yes
ac_cv_env_AR_FOR_TARGET_set=
ac_cv_env_AR_FOR_TARGET_value=
ac_cv_env_AR_set=set
ac_cv_env_AR_value=i686-elf-ar
ac_cv_env_AS_FOR_TARGET_set=
ac_cv_env_AS_FOR_TARGET_value=
ac_cv_env_AS_set=set
ac_cv_env_AS_value=i686-elf-as
ac_cv_env_CCC_set=
ac_cv_env_CCC_value=
ac_cv_env_CC_FOR_TARGET_set=
ac_cv_env_CC_FOR_TARGET_value=
ac_cv_env_CC_set=set
ac_cv_env_CC_value=
ac_cv_env_CFLAGS_set=set
ac_cv_env_CFLAGS_value=
ac_cv_env_CPPFLAGS_set=set
ac_cv_env_CPPFLAGS_value=
ac_cv_env_CXXFLAGS_set=
ac_cv_env_CXXFLAGS_value=
ac_cv_env_CXX_FOR_TARGET_set=
ac_cv_env_CXX_FOR_TARGET_value=
ac_cv_env_CXX_set=
ac_cv_env_CXX_value=
ac_cv_env_DLLTOOL_FOR_TARGET_set=
ac_cv_env_DLLTOOL_FOR_TARGET_value=
ac_cv_env_DLLTOOL_set=
ac_cv_env_DLLTOOL_value=
ac_cv_env_GCC_FOR_TARGET_set=
ac_cv_env_GCC_FOR_TARGET_value=
ac_cv_env_GCJ_FOR_TARGET_set=
ac_cv_env_GCJ_FOR_TARGET_value=
ac_cv_env_GFORTRAN_FOR_TARGET_set=
ac_cv_env_GFORTRAN_FOR_TARGET_value=
ac_cv_env_GOC_FOR_TARGET_set=
ac_cv_env_GOC_FOR_TARGET_value=
ac_cv_env_LDFLAGS_set=
ac_cv_env_LDFLAGS_value=
ac_cv_env_LD_FOR_TARGET_set=
ac_cv_env_LD_FOR_TARGET_value=
ac_cv_env_LD_set=set
ac_cv_env_LD_value=i686-elf-ld
ac_cv_env_LIBS_set=
ac_cv_env_LIBS_value=
ac_cv_env_LIPO_FOR_TARGET_set=
ac_cv_env_LIPO_FOR_TARGET_value=
ac_cv_env_LIPO_set=
ac_cv_env_LIPO_value=
ac_cv_env_NM_FOR_TARGET_set=
ac_cv_env_NM_FOR_TARGET_value=
ac_cv_env_NM_set=set
ac_cv_env_NM_value=i686-elf-nm
ac_cv_env_OBJCOPY_FOR_TARGET_set=
ac_cv_env_OBJCOPY_FOR_TARGET_value=
ac_cv_env_OBJCOPY_set=
ac_cv_env_OBJCOPY_value=
ac_cv_env_OBJDUMP_FOR_TARGET_set=
ac_cv_env_OBJDUMP_FOR_TARGET_value=
ac_cv_env_OBJDUMP_set=
ac_cv_env_OBJDUMP_value=
ac_cv_env_RANLIB_FOR_TARGET_set=
ac_cv_env_RANLIB_FOR_TARGET_value=
ac_cv_env_RANLIB_set=
ac_cv_env_RANLIB_value=
ac_cv_env_READELF_FOR_TARGET_set=
ac_cv_env_READELF_FOR_TARGET_value=
ac_cv_env_READELF_set=
ac_cv_env_READELF_value=
ac_cv_env_STRIP_FOR_TARGET_set=
ac_cv_env_STRIP_FOR_TARGET_value=
ac_cv_env_STRIP_set=
ac_cv_env_STRIP_value=
ac_cv_env_WINDMC_FOR_TARGET_set=
ac_cv_env_WINDMC_FOR_TARGET_value=
ac_cv_env_WINDMC_set=
ac_cv_env_WINDMC_value=
ac_cv_env_WINDRES_FOR_TARGET_set=
ac_cv_env_WINDRES_FOR_TARGET_value=
ac_cv_env_WINDRES_set=
ac_cv_env_WINDRES_value=
ac_cv_env_build_alias_set=
ac_cv_env_build_alias_value=
ac_cv_env_build_configargs_set=
ac_cv_env_build_configargs_value=
ac_cv_env_host_alias_set=
ac_cv_env_host_alias_value=
ac_cv_env_host_configargs_set=
ac_cv_env_host_configargs_value=
ac_cv_env_target_alias_set=set
ac_cv_env_target_alias_value=i686-reduceOS
ac_cv_env_target_configargs_set=
ac_cv_env_target_configargs_value=
ac_cv_host=x86_64-pc-linux-gnu
ac_cv_objext=o
ac_cv_path_SED=/usr/bin/sed
ac_cv_path_install='/usr/bin/install -c'
ac_cv_prog_AR=i686-elf-ar
ac_cv_prog_AR_FOR_TARGET=i686-reduceOS-ar
ac_cv_prog_AS=i686-elf-as
ac_cv_prog_AS_FOR_TARGET=i686-reduceOS-as
ac_cv_prog_AWK=gawk
ac_cv_prog_BISON=bison
ac_cv_prog_CC_FOR_TARGET=i686-reduceOS-cc
ac_cv_prog_FLEX=flex
ac_cv_prog_GCC_FOR_TARGET=i686-reduceOS-gcc
ac_cv_prog_LD=i686-elf-ld
ac_cv_prog_LEX=flex
ac_cv_prog_M4=m4
ac_cv_prog_MAKEINFO=makeinfo
ac_cv_prog_NM=i686-elf-nm
ac_cv_prog_OBJCOPY=objcopy
ac_cv_prog_OBJDUMP=objdump
ac_cv_prog_RANLIB=ranlib
ac_cv_prog_RANLIB_FOR_TARGET=i686-reduceOS-ranlib
ac_cv_prog_READELF=readelf
ac_cv_prog_STRIP=strip
ac_cv_prog_YACC='bison -y'
ac_cv_prog_ac_ct_CC=gcc
ac_cv_prog_ac_ct_CXX=g++
ac_cv_prog_cc_c89=
ac_cv_prog_cc_g=yes
ac_cv_prog_cxx_g=yes
ac_cv_target=i686-pc-reduceOS
acx_cv_cc_gcc_supports_ada=no
acx_cv_prog_LN=ln
gcc_cv_isl=no
gcc_cv_prog_cmp_skip='cmp --ignore-initial=16 $$f1 $$f2'
gcc_cv_tool_dirs=
gcc_cv_tool_prefix=/usr
lt_cv_objdir=.libs

## ----------------- ##
## Output variables. ##
## ----------------- ##

AR='i686-elf-ar'
AR_FOR_BUILD='$(AR)'
AR_FOR_TARGET='i686-reduceOS-ar'
AS='i686-elf-as'
AS_FOR_BUILD='$(AS)'
AS_FOR_TARGET='i686-reduceOS-as'
AWK='gawk'
BISON='bison'
BUILD_CONFIG=''
CC='gcc'
CC_FOR_BUILD='$(CC)'
CC_FOR_TARGET='i686-reduceOS-cc'
CFLAGS=''
CFLAGS_FOR_BUILD=''
CFLAGS_FOR_TARGET='-g -O2'
COMPILER_AS_FOR_TARGET='$(AS_FOR_TARGET)'
COMPILER_LD_FOR_TARGET='$(LD_FOR_TARGET)'
COMPILER_NM_FOR_TARGET='$(NM_FOR_TARGET)'
CONFIGURE_GDB_TK=''
CPPFLAGS=''
CXX='g++'
CXXFLAGS='-g -O2'
CXXFLAGS_FOR_BUILD='-g -O2'
CXXFLAGS_FOR_TARGET='-g -O2'
CXX_FOR_BUILD='$(CXX)'
CXX_FOR_TARGET='i686-reduceOS-c++'
DEBUG_PREFIX_CFLAGS_FOR_TARGET=''
DEFS='-DPACKAGE_NAME=\"\" -DPACKAGE_TARNAME=\"\" -DPACKAGE_VERSION=\"\" -DPACKAGE_STRING=\"\" -DPACKAGE_BUGREPORT=\"\" -DPACKAGE_URL=\"\" -DLT_OBJDIR=\".libs/\"'
DLLTOOL='dlltool'
DLLTOOL_FOR_BUILD='$(DLLTOOL)'
DLLTOOL_FOR_TARGET='i686-reduceOS-dlltool'
ECHO_C=''
ECHO_N='-n'
ECHO_T=''
EXEEXT=''
EXPECT='expect'
EXTRA_CONFIGARGS_LIBJAVA='--disable-static'
FLAGS_FOR_TARGET=' -B$$r/$(TARGET_SUBDIR)/newlib/ -isystem $$r/$(TARGET_SUBDIR)/newlib/targ-include -isystem $$s/newlib/libc/include -B$$r/$(TARGET_SUBDIR)/libgloss/i386 -L$$r/$(TARGET_SUBDIR)/libgloss/libnosys -L$$s/libgloss/i386'
FLEX='flex'
GCC_FOR_TARGET='i686-reduceOS-gcc'
GCC_SHLIB_SUBDIR=''
GCJ_FOR_BUILD='$(GCJ)'
GCJ_FOR_TARGET='i686-reduceOS-gcj'
GDB_TK=''
GFORTRAN_FOR_BUILD='$(GFORTRAN)'
GFORTRAN_FOR_TARGET='i686-reduceOS-gfortran'
GNATBIND='no'
GNATMAKE='no'
GOC_FOR_BUILD='$(GOC)'
GOC_FOR_TARGET='i686-reduceOS-gccgo'
INSTALL_DATA='${INSTALL} -m 644'
INSTALL_GDB_TK=''
INSTALL_PROGRAM='${INSTALL}'
INSTALL_SCRIPT='${INSTALL}'
LD='i686-elf-ld'
LDFLAGS=''
LDFLAGS_FOR_BUILD=''
LDFLAGS_FOR_TARGET=''
LD_FOR_BUILD='$(LD)'
LD_FOR_TARGET='i686-reduceOS-ld'
LEX='flex'
LIBOBJS=''
LIBS=''
LIPO='lipo'
LIPO_FOR_TARGET='i686-reduceOS-lipo'
LN='ln'
LN_S='ln -s'
LTLIBOBJS=''
M4='m4'
MAINT='#'
MAINTAINER_MODE_FALSE=''
MAINTAINER_MODE_TRUE='#'
MAKEINFO='makeinfo'
NM='i686-elf-nm'
NM_FOR_BUILD='$(NM)'
NM_FOR_TARGET='i686-reduceOS-nm'
OBJCOPY='objcopy'
OBJCOPY_FOR_TARGET='i686-reduceOS-objcopy'
OBJDUMP='objdump'
OBJDUMP_FOR_TARGET='i686-reduceOS-objdump'
OBJEXT='o'
PACKAGE_BUGREPORT=''
PACKAGE_NAME=''
PACKAGE_STRING=''
PACKAGE_TARNAME=''
PACKAGE_URL=''
PACKAGE_VERSION=''
PATH_SEPARATOR=':'
RANLIB='ranlib'
RANLIB_FOR_BUILD='$(RANLIB)'
RANLIB_FOR_TARGET='i686-reduceOS-ranlib'
RAW_CXX_FOR_TARGET='i686-reduceOS-c++'
READELF='readelf'
READELF_FOR_TARGET='i686-reduceOS-readelf'
RPATH_ENVVAR='LD_LIBRARY_PATH'
RUNTEST='runtest'
SED='/usr/bin/sed'
SHELL='/bin/bash'
STRIP='strip'
STRIP_FOR_TARGET='i686-reduceOS-strip'
SYSROOT_CFLAGS_FOR_TARGET=''
TOPLEVEL_CONFIGURE_ARGUMENTS='../newlib-src/configure --target=i686-reduceOS --prefix /usr CFLAGS= CC='
WINDMC='windmc'
WINDMC_FOR_BUILD='$(WINDMC)'
WINDMC_FOR_TARGET='i686-reduceOS-windmc'
WINDRES='windres'
WINDRES_FOR_BUILD='$(WINDRES)'
WINDRES_FOR_TARGET='i686-reduceOS-windres'
YACC='bison -y'
ac_ct_CC='gcc'
ac_ct_CXX='g++'
bindir='${exec_prefix}/bin'
build='x86_64-pc-linux-gnu'
build_alias=''
build_configargs=' --cache-file=./config.cache '\''--prefix'\'' '\''/usr'\'' --program-transform-name='\''s&^&i686-reduceOS-&'\'' --disable-option-checking'
build_configdirs=''
build_cpu='x86_64'
build_libsubdir='build-x86_64-pc-linux-gnu'
build_noncanonical='x86_64-pc-linux-gnu'
build_os='linux-gnu'
build_subdir='build-x86_64-pc-linux-gnu'
build_tooldir='${exec_prefix}/i686-reduceOS'
build_vendor='pc'
compare_exclusions='gcc/cc*-checksum$(objext) | gcc/ada/*tools/*'
configdirs=' etc'
datadir='${datarootdir}'
datarootdir='${prefix}/share'
do_compare='cmp --ignore-initial=16 $$f1 $$f2'
docdir='${datarootdir}/doc/${PACKAGE}'
dvidir='${docdir}'
exec_prefix='${prefix}'
extra_host_libiberty_configure_flags=''
extra_host_zlib_configure_flags=''
extra_isl_gmp_configure_flags=''
extra_liboffloadmic_configure_flags=''
extra_linker_plugin_configure_flags=''
extra_linker_plugin_flags=''
extra_mpc_gmp_configure_flags=''
extra_mpc_mpfr_configure_flags=''
extra_mpfr_configure_flags=''
gmpinc=''
gmplibs='-lmpc -lmpfr -lgmp'
host='x86_64-pc-linux-gnu'
host_alias=''
host_configargs=' --cache-file=./config.cache  --with-system-zlib --with-newlib '\''--prefix'\'' '\''/usr'\'' --program-transform-name='\''s&^&i686-reduceOS-&'\'' --disable-option-checking'
host_cpu='x86_64'
host_noncanonical='x86_64-pc-linux-gnu'
host_os='linux-gnu'
host_shared='no'
host_subdir='.'
host_vendor='pc'
htmldir='${docdir}'
includedir='${prefix}/include'
infodir='${datarootdir}/info'
islinc=''
isllibs=''
islver=''
libdir='${exec_prefix}/lib'
libexecdir='${exec_prefix}/libexec'
localedir='${datarootdir}/locale'
localstatedir='${prefix}/var'
mandir='${datarootdir}/man'
oldincludedir='/usr/include'
pdfdir='${docdir}'
poststage1_ldflags='-static-libstdc++ -static-libgcc'
poststage1_libs=''
prefix='/usr'
program_transform_name='s&^&i686-reduceOS-&'
psdir='${docdir}'
sbindir='${exec_prefix}/sbin'
sharedstatedir='${prefix}/com'
stage1_cflags='-g'
stage1_checking='--enable-checking=yes,types'
stage1_languages=',c,'
stage1_ldflags='-static-libstdc++ -static-libgcc'
stage1_libs=''
stage2_werror_flag=''
sysconfdir='${prefix}/etc'
target='i686-pc-reduceOS'
target_alias='i686-reduceOS'
target_configargs='--cache-file=./config.cache --with-newlib --enable-multilib --with-cross-host=x86_64-pc-linux-gnu   '\''--prefix'\'' '\''/usr'\'' --program-transform-name='\''s&^&i686-reduceOS-&'\'' --disable-option-checking'
target_configdirs='libgloss newlib'
target_cpu='i686'
target_noncanonical='i686-reduceOS'
target_os='reduceOS'
target_subdir='i686-reduceOS'
target_vendor='pc'
tooldir='${exec_prefix}/i686-reduceOS'

## ------------------- ##
## File substitutions. ##
## ------------------- ##

alphaieee_frag='/dev/null'
host_makefile_frag='/dev/null'
ospace_frag='/dev/null'
serialization_dependencies='serdep.tmp'
target_makefile_frag='/dev/null'

## ----------- ##
## confdefs.h. ##
## ----------- ##

/* confdefs.h */
#define PACKAGE_NAME ""
#define PACKAGE_TARNAME ""
#define PACKAGE_VERSION ""
#define PACKAGE_STRING ""
#define PACKAGE_BUGREPORT ""
#define PACKAGE_URL ""
#define LT_OBJDIR ".libs/"

configure: exit 0
