This file contains any messages produced by compilers while
running configure, to aid debugging if configure makes a mistake.

It was created by newlib configure 3.0.0, which was
generated by GNU Autoconf 2.68.  Invocation command line was

  $ /home/samuel/Desktop/reduceOS/source/newlib/newlib-src/newlib/configure --srcdir=../../../newlib-src/newlib --cache-file=./config.cache --with-newlib --enable-multilib --with-cross-host=x86_64-pc-linux-gnu --prefix /usr --program-transform-name=s&^&i686-reduceOS-& --disable-option-checking --with-target-subdir=i686-reduceOS --build=x86_64-pc-linux-gnu --host=i686-reduceOS --target=i686-reduceOS

## --------- ##
## Platform. ##
## --------- ##

hostname = samuel-desktop
uname -m = x86_64
uname -r = 5.15.0-105-generic
uname -s = Linux
uname -v = #115~20.04.1-Ubuntu SMP Mon Apr 15 17:33:04 UTC 2024

/usr/bin/uname -p = x86_64
/bin/uname -X     = unknown

/bin/arch              = x86_64
/usr/bin/arch -k       = unknown
/usr/convex/getsysinfo = unknown
/usr/bin/hostinfo      = unknown
/bin/machine           = unknown
/usr/bin/oslevel       = unknown
/bin/universe          = unknown

PATH: /opt/devkitpro/tools/bin
PATH: /home/samuel/.local/bin
PATH: /opt/devkitpro/tools/bin
PATH: /usr/local/sbin
PATH: /usr/local/bin
PATH: /usr/sbin
PATH: /usr/bin
PATH: /sbin
PATH: /bin
PATH: /usr/games
PATH: /usr/local/games
PATH: /snap/bin
PATH: /snap/bin
PATH: /home/samuel/.dotnet/tools
PATH: /home/samuel/.dotnet/tools
PATH: /home/samuel/.local/bin
PATH: /opt/android-studio/bin/
PATH: /home/samuel/.local/bin
PATH: /opt/android-studio/bin/


## ----------- ##
## Core tests. ##
## ----------- ##

configure:2134: creating cache ./config.cache
configure:2520: checking build system type
configure:2534: result: x86_64-pc-linux-gnu
configure:2554: checking host system type
configure:2567: result: i686-pc-reduceOS
configure:2603: checking for a BSD-compatible install
configure:2671: result: /usr/bin/install -c
configure:2682: checking whether build environment is sane
configure:2732: result: yes
configure:2781: checking for i686-reduceOS-strip
configure:2808: result: i686-reduceOS-strip
configure:2873: checking for a thread-safe mkdir -p
configure:2912: result: /usr/bin/mkdir -p
configure:2925: checking for gawk
configure:2952: result: gawk
configure:2963: checking whether make sets $(MAKE)
configure:2985: result: yes
configure:3015: checking for style of include used by make
configure:3043: result: GNU
configure:3253: checking for gcc
configure:3280: result: i686-reduceOS-cc -B/home/samuel/Desktop/reduceOS/source/newlib/newlib-build/i686-reduceOS/newlib/ -isystem /home/samuel/Desktop/reduceOS/source/newlib/newlib-build/i686-reduceOS/newlib/targ-include -isystem /home/samuel/Desktop/reduceOS/source/newlib/newlib-src/newlib/libc/include -B/home/samuel/Desktop/reduceOS/source/newlib/newlib-build/i686-reduceOS/libgloss/i386 -L/home/samuel/Desktop/reduceOS/source/newlib/newlib-build/i686-reduceOS/libgloss/libnosys -L/home/samuel/Desktop/reduceOS/source/newlib/newlib-src/libgloss/i386   
configure:3291: checking dependency style of i686-reduceOS-cc -B/home/samuel/Desktop/reduceOS/source/newlib/newlib-build/i686-reduceOS/newlib/ -isystem /home/samuel/Desktop/reduceOS/source/newlib/newlib-build/i686-reduceOS/newlib/targ-include -isystem /home/samuel/Desktop/reduceOS/source/newlib/newlib-src/newlib/libc/include -B/home/samuel/Desktop/reduceOS/source/newlib/newlib-build/i686-reduceOS/libgloss/i386 -L/home/samuel/Desktop/reduceOS/source/newlib/newlib-build/i686-reduceOS/libgloss/libnosys -L/home/samuel/Desktop/reduceOS/source/newlib/newlib-src/libgloss/i386   
configure:3402: result: gcc3
configure:3475: checking whether we are using GNU C
configure:3486: i686-reduceOS-cc -B/home/samuel/Desktop/reduceOS/source/newlib/newlib-build/i686-reduceOS/newlib/ -isystem /home/samuel/Desktop/reduceOS/source/newlib/newlib-build/i686-reduceOS/newlib/targ-include -isystem /home/samuel/Desktop/reduceOS/source/newlib/newlib-src/newlib/libc/include -B/home/samuel/Desktop/reduceOS/source/newlib/newlib-build/i686-reduceOS/libgloss/i386 -L/home/samuel/Desktop/reduceOS/source/newlib/newlib-build/i686-reduceOS/libgloss/libnosys -L/home/samuel/Desktop/reduceOS/source/newlib/newlib-src/libgloss/i386    -E conftest.c
configure:3489: $? = 0
configure:3496: result: yes
configure:3505: checking whether i686-reduceOS-cc -B/home/samuel/Desktop/reduceOS/source/newlib/newlib-build/i686-reduceOS/newlib/ -isystem /home/samuel/Desktop/reduceOS/source/newlib/newlib-build/i686-reduceOS/newlib/targ-include -isystem /home/samuel/Desktop/reduceOS/source/newlib/newlib-src/newlib/libc/include -B/home/samuel/Desktop/reduceOS/source/newlib/newlib-build/i686-reduceOS/libgloss/i386 -L/home/samuel/Desktop/reduceOS/source/newlib/newlib-build/i686-reduceOS/libgloss/libnosys -L/home/samuel/Desktop/reduceOS/source/newlib/newlib-src/libgloss/i386    accepts -g
configure:3525: i686-reduceOS-cc -B/home/samuel/Desktop/reduceOS/source/newlib/newlib-build/i686-reduceOS/newlib/ -isystem /home/samuel/Desktop/reduceOS/source/newlib/newlib-build/i686-reduceOS/newlib/targ-include -isystem /home/samuel/Desktop/reduceOS/source/newlib/newlib-src/newlib/libc/include -B/home/samuel/Desktop/reduceOS/source/newlib/newlib-build/i686-reduceOS/libgloss/i386 -L/home/samuel/Desktop/reduceOS/source/newlib/newlib-build/i686-reduceOS/libgloss/libnosys -L/home/samuel/Desktop/reduceOS/source/newlib/newlib-src/libgloss/i386    -c -g  conftest.c >&5
configure:3525: $? = 0
configure: failed program was:
| /* confdefs.h */
| #define PACKAGE_NAME "newlib"
| #define PACKAGE_TARNAME "newlib"
| #define PACKAGE_VERSION "3.0.0"
| #define PACKAGE_STRING "newlib 3.0.0"
| #define PACKAGE_BUGREPORT ""
| #define PACKAGE_URL ""
| /* end confdefs.h.  */
| 
| int
| main ()
| {
| 
|   ;
|   return 0;
| }
configure:3540: i686-reduceOS-cc -B/home/samuel/Desktop/reduceOS/source/newlib/newlib-build/i686-reduceOS/newlib/ -isystem /home/samuel/Desktop/reduceOS/source/newlib/newlib-build/i686-reduceOS/newlib/targ-include -isystem /home/samuel/Desktop/reduceOS/source/newlib/newlib-src/newlib/libc/include -B/home/samuel/Desktop/reduceOS/source/newlib/newlib-build/i686-reduceOS/libgloss/i386 -L/home/samuel/Desktop/reduceOS/source/newlib/newlib-build/i686-reduceOS/libgloss/libnosys -L/home/samuel/Desktop/reduceOS/source/newlib/newlib-src/libgloss/i386    -c   conftest.c >&5
configure:3540: $? = 0
configure: failed program was:
| /* confdefs.h */
| #define PACKAGE_NAME "newlib"
| #define PACKAGE_TARNAME "newlib"
| #define PACKAGE_VERSION "3.0.0"
| #define PACKAGE_STRING "newlib 3.0.0"
| #define PACKAGE_BUGREPORT ""
| #define PACKAGE_URL ""
| /* end confdefs.h.  */
| 
| int
| main ()
| {
| 
|   ;
|   return 0;
| }
configure:3556: i686-reduceOS-cc -B/home/samuel/Desktop/reduceOS/source/newlib/newlib-build/i686-reduceOS/newlib/ -isystem /home/samuel/Desktop/reduceOS/source/newlib/newlib-build/i686-reduceOS/newlib/targ-include -isystem /home/samuel/Desktop/reduceOS/source/newlib/newlib-src/newlib/libc/include -B/home/samuel/Desktop/reduceOS/source/newlib/newlib-build/i686-reduceOS/libgloss/i386 -L/home/samuel/Desktop/reduceOS/source/newlib/newlib-build/i686-reduceOS/libgloss/libnosys -L/home/samuel/Desktop/reduceOS/source/newlib/newlib-src/libgloss/i386    -c -g  conftest.c >&5
configure:3556: $? = 0
configure: failed program was:
| /* confdefs.h */
| #define PACKAGE_NAME "newlib"
| #define PACKAGE_TARNAME "newlib"
| #define PACKAGE_VERSION "3.0.0"
| #define PACKAGE_STRING "newlib 3.0.0"
| #define PACKAGE_BUGREPORT ""
| #define PACKAGE_URL ""
| /* end confdefs.h.  */
| 
| int
| main ()
| {
| 
|   ;
|   return 0;
| }
configure:3566: result: no
configure:3599: checking for i686-reduceOS-as
configure:3626: result: i686-reduceOS-as
configure:3691: checking for i686-reduceOS-ar
configure:3718: result: i686-reduceOS-ar
configure:3783: checking for i686-reduceOS-ranlib
configure:3810: result: i686-reduceOS-ranlib
configure:3875: checking for i686-reduceOS-readelf
configure:3902: result: i686-reduceOS-readelf
configure:3971: checking whether to enable maintainer-specific portions of Makefiles
configure:3980: result: no
configure:4090: checking for a sed that does not truncate output
configure:4154: result: /usr/bin/sed
configure:4176: checking how to print strings
configure:4203: result: printf
configure:4228: checking for gawk
configure:4255: result: gawk
configure:12592: checking for .preinit_array/.init_array/.fini_array support
configure:12605: i686-reduceOS-cc -B/home/samuel/Desktop/reduceOS/source/newlib/newlib-build/i686-reduceOS/newlib/ -isystem /home/samuel/Desktop/reduceOS/source/newlib/newlib-build/i686-reduceOS/newlib/targ-include -isystem /home/samuel/Desktop/reduceOS/source/newlib/newlib-src/newlib/libc/include -B/home/samuel/Desktop/reduceOS/source/newlib/newlib-build/i686-reduceOS/libgloss/i386 -L/home/samuel/Desktop/reduceOS/source/newlib/newlib-build/i686-reduceOS/libgloss/libnosys -L/home/samuel/Desktop/reduceOS/source/newlib/newlib-src/libgloss/i386    -g -O2  -c -o conftest conftest.c
							1>&5
configure:12608: $? = 0
configure:12621: result: no
configure:12632: checking if i686-reduceOS-cc -B/home/samuel/Desktop/reduceOS/source/newlib/newlib-build/i686-reduceOS/newlib/ -isystem /home/samuel/Desktop/reduceOS/source/newlib/newlib-build/i686-reduceOS/newlib/targ-include -isystem /home/samuel/Desktop/reduceOS/source/newlib/newlib-src/newlib/libc/include -B/home/samuel/Desktop/reduceOS/source/newlib/newlib-build/i686-reduceOS/libgloss/i386 -L/home/samuel/Desktop/reduceOS/source/newlib/newlib-build/i686-reduceOS/libgloss/libnosys -L/home/samuel/Desktop/reduceOS/source/newlib/newlib-src/libgloss/i386    accepts -fno-tree-loop-distribute-patterns with __attribute__ ((__optimize__))
configure:12646: i686-reduceOS-cc -B/home/samuel/Desktop/reduceOS/source/newlib/newlib-build/i686-reduceOS/newlib/ -isystem /home/samuel/Desktop/reduceOS/source/newlib/newlib-build/i686-reduceOS/newlib/targ-include -isystem /home/samuel/Desktop/reduceOS/source/newlib/newlib-src/newlib/libc/include -B/home/samuel/Desktop/reduceOS/source/newlib/newlib-build/i686-reduceOS/libgloss/i386 -L/home/samuel/Desktop/reduceOS/source/newlib/newlib-build/i686-reduceOS/libgloss/libnosys -L/home/samuel/Desktop/reduceOS/source/newlib/newlib-src/libgloss/i386    -g -O2  -c
			    -fno-tree-loop-distribute-patterns conftest.c
configure:12649: $? = 0
configure:12656: result: yes
configure:12664: checking whether long double type exists
configure:12684: i686-reduceOS-cc -B/home/samuel/Desktop/reduceOS/source/newlib/newlib-build/i686-reduceOS/newlib/ -isystem /home/samuel/Desktop/reduceOS/source/newlib/newlib-build/i686-reduceOS/newlib/targ-include -isystem /home/samuel/Desktop/reduceOS/source/newlib/newlib-src/newlib/libc/include -B/home/samuel/Desktop/reduceOS/source/newlib/newlib-build/i686-reduceOS/libgloss/i386 -L/home/samuel/Desktop/reduceOS/source/newlib/newlib-build/i686-reduceOS/libgloss/libnosys -L/home/samuel/Desktop/reduceOS/source/newlib/newlib-src/libgloss/i386    -g -O2  -c -o conftest.o conftest.c
							1>&5
configure:12687: $? = 0
configure:12696: result: yes
configure:12713: checking whether long double equals double
configure:12729: i686-reduceOS-cc -B/home/samuel/Desktop/reduceOS/source/newlib/newlib-build/i686-reduceOS/newlib/ -isystem /home/samuel/Desktop/reduceOS/source/newlib/newlib-build/i686-reduceOS/newlib/targ-include -isystem /home/samuel/Desktop/reduceOS/source/newlib/newlib-src/newlib/libc/include -B/home/samuel/Desktop/reduceOS/source/newlib/newlib-build/i686-reduceOS/libgloss/i386 -L/home/samuel/Desktop/reduceOS/source/newlib/newlib-build/i686-reduceOS/libgloss/libnosys -L/home/samuel/Desktop/reduceOS/source/newlib/newlib-src/libgloss/i386    -g -O2  -c -o conftest.o conftest.c
							1>&5
conftest.c:5:4: error: #error "LDBL != DBL"
   #error "LDBL != DBL"
    ^~~~~
configure:12732: $? = 1
configure:12741: result: no
configure:12811: updating cache ./config.cache
configure:12932: creating ./config.status

## ---------------------- ##
## Running config.status. ##
## ---------------------- ##

This file was extended by newlib config.status 3.0.0, which was
generated by GNU Autoconf 2.68.  Invocation command line was

  CONFIG_FILES    = 
  CONFIG_HEADERS  = 
  CONFIG_LINKS    = 
  CONFIG_COMMANDS = 
  $ ./config.status 

on samuel-desktop

config.status:1147: creating Makefile
config.status:1147: creating _newlib_version.h
config.status:1147: creating newlib.h
config.status:1361: executing depfiles commands
configure:15252: === configuring in libc (/home/samuel/Desktop/reduceOS/source/newlib/newlib-build/i686-reduceOS/newlib/libc)
configure:15315: running /bin/bash ../../../../newlib-src/newlib/libc/configure --disable-option-checking '--prefix=/usr'  '--with-newlib' '--enable-multilib' '--with-cross-host=x86_64-pc-linux-gnu' '--program-transform-name=s&^&i686-reduceOS-&' '--with-target-subdir=i686-reduceOS' '--build=x86_64-pc-linux-gnu' '--host=i686-reduceOS' '--target=i686-reduceOS' 'build_alias=x86_64-pc-linux-gnu' 'host_alias=i686-reduceOS' 'target_alias=i686-reduceOS' 'CC=i686-reduceOS-cc -B/home/samuel/Desktop/reduceOS/source/newlib/newlib-build/i686-reduceOS/newlib/ -isystem /home/samuel/Desktop/reduceOS/source/newlib/newlib-build/i686-reduceOS/newlib/targ-include -isystem /home/samuel/Desktop/reduceOS/source/newlib/newlib-src/newlib/libc/include -B/home/samuel/Desktop/reduceOS/source/newlib/newlib-build/i686-reduceOS/libgloss/i386 -L/home/samuel/Desktop/reduceOS/source/newlib/newlib-build/i686-reduceOS/libgloss/libnosys -L/home/samuel/Desktop/reduceOS/source/newlib/newlib-src/libgloss/i386   ' 'CFLAGS=-g -O2' 'LDFLAGS=' 'CPPFLAGS=' --cache-file=.././config.cache --srcdir=../../../../newlib-src/newlib/libc
configure:15252: === configuring in libm (/home/samuel/Desktop/reduceOS/source/newlib/newlib-build/i686-reduceOS/newlib/libm)
configure:15315: running /bin/bash ../../../../newlib-src/newlib/libm/configure --disable-option-checking '--prefix=/usr'  '--with-newlib' '--enable-multilib' '--with-cross-host=x86_64-pc-linux-gnu' '--program-transform-name=s&^&i686-reduceOS-&' '--with-target-subdir=i686-reduceOS' '--build=x86_64-pc-linux-gnu' '--host=i686-reduceOS' '--target=i686-reduceOS' 'build_alias=x86_64-pc-linux-gnu' 'host_alias=i686-reduceOS' 'target_alias=i686-reduceOS' 'CC=i686-reduceOS-cc -B/home/samuel/Desktop/reduceOS/source/newlib/newlib-build/i686-reduceOS/newlib/ -isystem /home/samuel/Desktop/reduceOS/source/newlib/newlib-build/i686-reduceOS/newlib/targ-include -isystem /home/samuel/Desktop/reduceOS/source/newlib/newlib-src/newlib/libc/include -B/home/samuel/Desktop/reduceOS/source/newlib/newlib-build/i686-reduceOS/libgloss/i386 -L/home/samuel/Desktop/reduceOS/source/newlib/newlib-build/i686-reduceOS/libgloss/libnosys -L/home/samuel/Desktop/reduceOS/source/newlib/newlib-src/libgloss/i386   ' 'CFLAGS=-g -O2' 'LDFLAGS=' 'CPPFLAGS=' --cache-file=.././config.cache --srcdir=../../../../newlib-src/newlib/libm
configure:15252: === configuring in doc (/home/samuel/Desktop/reduceOS/source/newlib/newlib-build/i686-reduceOS/newlib/doc)
configure:15315: running /bin/bash ../../../../newlib-src/newlib/doc/configure --disable-option-checking '--prefix=/usr'  '--with-newlib' '--enable-multilib' '--with-cross-host=x86_64-pc-linux-gnu' '--program-transform-name=s&^&i686-reduceOS-&' '--with-target-subdir=i686-reduceOS' '--build=x86_64-pc-linux-gnu' '--host=i686-reduceOS' '--target=i686-reduceOS' 'build_alias=x86_64-pc-linux-gnu' 'host_alias=i686-reduceOS' 'target_alias=i686-reduceOS' 'CC=i686-reduceOS-cc -B/home/samuel/Desktop/reduceOS/source/newlib/newlib-build/i686-reduceOS/newlib/ -isystem /home/samuel/Desktop/reduceOS/source/newlib/newlib-build/i686-reduceOS/newlib/targ-include -isystem /home/samuel/Desktop/reduceOS/source/newlib/newlib-src/newlib/libc/include -B/home/samuel/Desktop/reduceOS/source/newlib/newlib-build/i686-reduceOS/libgloss/i386 -L/home/samuel/Desktop/reduceOS/source/newlib/newlib-build/i686-reduceOS/libgloss/libnosys -L/home/samuel/Desktop/reduceOS/source/newlib/newlib-src/libgloss/i386   ' 'CFLAGS=-g -O2' 'LDFLAGS=' 'CPPFLAGS=' --cache-file=.././config.cache --srcdir=../../../../newlib-src/newlib/doc

## ---------------- ##
## Cache variables. ##
## ---------------- ##

ac_cv_build=x86_64-pc-linux-gnu
ac_cv_c_compiler_gnu=yes
ac_cv_env_CCASFLAGS_set=
ac_cv_env_CCASFLAGS_value=
ac_cv_env_CCAS_set=
ac_cv_env_CCAS_value=
ac_cv_env_CC_set=set
ac_cv_env_CC_value='i686-reduceOS-cc -B/home/samuel/Desktop/reduceOS/source/newlib/newlib-build/i686-reduceOS/newlib/ -isystem /home/samuel/Desktop/reduceOS/source/newlib/newlib-build/i686-reduceOS/newlib/targ-include -isystem /home/samuel/Desktop/reduceOS/source/newlib/newlib-src/newlib/libc/include -B/home/samuel/Desktop/reduceOS/source/newlib/newlib-build/i686-reduceOS/libgloss/i386 -L/home/samuel/Desktop/reduceOS/source/newlib/newlib-build/i686-reduceOS/libgloss/libnosys -L/home/samuel/Desktop/reduceOS/source/newlib/newlib-src/libgloss/i386   '
ac_cv_env_CFLAGS_set=set
ac_cv_env_CFLAGS_value='-g -O2'
ac_cv_env_CPPFLAGS_set=set
ac_cv_env_CPPFLAGS_value=
ac_cv_env_CPP_set=
ac_cv_env_CPP_value=
ac_cv_env_LDFLAGS_set=set
ac_cv_env_LDFLAGS_value=
ac_cv_env_LIBS_set=
ac_cv_env_LIBS_value=
ac_cv_env_build_alias_set=set
ac_cv_env_build_alias_value=x86_64-pc-linux-gnu
ac_cv_env_host_alias_set=set
ac_cv_env_host_alias_value=i686-reduceOS
ac_cv_env_target_alias_set=set
ac_cv_env_target_alias_value=i686-reduceOS
ac_cv_host=i686-pc-reduceOS
ac_cv_path_SED=/usr/bin/sed
ac_cv_path_mkdir=/usr/bin/mkdir
ac_cv_prog_AR=i686-reduceOS-ar
ac_cv_prog_AS=i686-reduceOS-as
ac_cv_prog_AWK=gawk
ac_cv_prog_CC='i686-reduceOS-cc -B/home/samuel/Desktop/reduceOS/source/newlib/newlib-build/i686-reduceOS/newlib/ -isystem /home/samuel/Desktop/reduceOS/source/newlib/newlib-build/i686-reduceOS/newlib/targ-include -isystem /home/samuel/Desktop/reduceOS/source/newlib/newlib-src/newlib/libc/include -B/home/samuel/Desktop/reduceOS/source/newlib/newlib-build/i686-reduceOS/libgloss/i386 -L/home/samuel/Desktop/reduceOS/source/newlib/newlib-build/i686-reduceOS/libgloss/libnosys -L/home/samuel/Desktop/reduceOS/source/newlib/newlib-src/libgloss/i386   '
ac_cv_prog_RANLIB=i686-reduceOS-ranlib
ac_cv_prog_READELF=i686-reduceOS-readelf
ac_cv_prog_STRIP=i686-reduceOS-strip
ac_cv_prog_cc_g=no
ac_cv_prog_make_make_set=yes
acnewlib_cv_type_long_double=yes
am_cv_CC_dependencies_compiler_type=gcc3
libc_cv_cc_loop_to_function=yes
libc_cv_initfinit_array=no
newlib_cv_ldbl_eq_dbl=no

## ----------------- ##
## Output variables. ##
## ----------------- ##

ACLOCAL='${SHELL} /home/samuel/Desktop/reduceOS/source/newlib/newlib-src/missing --run aclocal-1.11'
AMDEPBACKSLASH='\'
AMDEP_FALSE='#'
AMDEP_TRUE=''
AMTAR='$${TAR-tar}'
AR='i686-reduceOS-ar'
AS='i686-reduceOS-as'
AUTOCONF='${SHELL} /home/samuel/Desktop/reduceOS/source/newlib/newlib-src/missing --run autoconf'
AUTOHEADER='${SHELL} /home/samuel/Desktop/reduceOS/source/newlib/newlib-src/missing --run autoheader'
AUTOMAKE='${SHELL} /home/samuel/Desktop/reduceOS/source/newlib/newlib-src/missing --run automake-1.11'
AWK='gawk'
CC='i686-reduceOS-cc -B/home/samuel/Desktop/reduceOS/source/newlib/newlib-build/i686-reduceOS/newlib/ -isystem /home/samuel/Desktop/reduceOS/source/newlib/newlib-build/i686-reduceOS/newlib/targ-include -isystem /home/samuel/Desktop/reduceOS/source/newlib/newlib-src/newlib/libc/include -B/home/samuel/Desktop/reduceOS/source/newlib/newlib-build/i686-reduceOS/libgloss/i386 -L/home/samuel/Desktop/reduceOS/source/newlib/newlib-build/i686-reduceOS/libgloss/libnosys -L/home/samuel/Desktop/reduceOS/source/newlib/newlib-src/libgloss/i386   '
CCAS='i686-reduceOS-cc -B/home/samuel/Desktop/reduceOS/source/newlib/newlib-build/i686-reduceOS/newlib/ -isystem /home/samuel/Desktop/reduceOS/source/newlib/newlib-build/i686-reduceOS/newlib/targ-include -isystem /home/samuel/Desktop/reduceOS/source/newlib/newlib-src/newlib/libc/include -B/home/samuel/Desktop/reduceOS/source/newlib/newlib-build/i686-reduceOS/libgloss/i386 -L/home/samuel/Desktop/reduceOS/source/newlib/newlib-build/i686-reduceOS/libgloss/libnosys -L/home/samuel/Desktop/reduceOS/source/newlib/newlib-src/libgloss/i386   '
CCASFLAGS='-g -O2'
CCDEPMODE='depmode=gcc3'
CC_FOR_BUILD='gcc'
CC_FOR_NEWLIB='i686-reduceOS-cc -B/home/samuel/Desktop/reduceOS/source/newlib/newlib-build/i686-reduceOS/newlib/ -isystem /home/samuel/Desktop/reduceOS/source/newlib/newlib-build/i686-reduceOS/newlib/targ-include -isystem /home/samuel/Desktop/reduceOS/source/newlib/newlib-src/newlib/libc/include -B/home/samuel/Desktop/reduceOS/source/newlib/newlib-build/i686-reduceOS/libgloss/i386 -L/home/samuel/Desktop/reduceOS/source/newlib/newlib-build/i686-reduceOS/libgloss/libnosys -L/home/samuel/Desktop/reduceOS/source/newlib/newlib-src/libgloss/i386   '
CFLAGS='-g -O2'
CPP=''
CPPFLAGS=''
CRT0='crt0.o'
CRT0_DIR='libc/'
CRT1=''
CRT1_DIR=''
CYGPATH_W='echo'
DEFS='-DHAVE_CONFIG_H'
DEPDIR='.deps'
DLLTOOL='i686-reduceOS-dlltool'
DSYMUTIL=''
DUMPBIN=''
ECHO_C=''
ECHO_N='-n'
ECHO_T=''
EGREP=''
ELIX_LEVEL_0_FALSE='#'
ELIX_LEVEL_0_TRUE=''
ELIX_LEVEL_1_FALSE=''
ELIX_LEVEL_1_TRUE='#'
ELIX_LEVEL_2_FALSE=''
ELIX_LEVEL_2_TRUE='#'
ELIX_LEVEL_3_FALSE=''
ELIX_LEVEL_3_TRUE='#'
ELIX_LEVEL_4_FALSE=''
ELIX_LEVEL_4_TRUE='#'
EXEEXT=''
EXTRA_DIRS=''
FGREP=''
GREP=''
HAVE_CRT0_FALSE='#'
HAVE_CRT0_TRUE=''
HAVE_DOC_FALSE='#'
HAVE_DOC_TRUE=''
HAVE_LONG_DOUBLE_FALSE='#'
HAVE_LONG_DOUBLE_TRUE=''
HAVE_MULTISUBDIR_FALSE=''
HAVE_MULTISUBDIR_TRUE='#'
INSTALL_DATA='/usr/bin/install -c -m 644'
INSTALL_PROGRAM='/usr/bin/install -c'
INSTALL_SCRIPT='/usr/bin/install -c'
INSTALL_STRIP_PROGRAM='$(install_sh) -c -s'
LD='i686-reduceOS-ld'
LDFLAGS=''
LIBM_MACHINE_OBJECTLIST='libm/machine/i386/objectlist.awk.in'
LIBOBJS=''
LIBS=''
LIBTOOL=''
LIPO='i686-reduceOS-lipo'
LN_S=''
LTLIBOBJS=''
MACHINE_OBJECTLIST='libc/machine/i386/objectlist.awk.in'
MAINT='#'
MAINTAINER_MODE_FALSE=''
MAINTAINER_MODE_TRUE='#'
MAKEINFO='makeinfo --split-size=5000000'
MAY_SUPPLY_SYSCALLS_FALSE='#'
MAY_SUPPLY_SYSCALLS_TRUE=''
MKDIR_P='/usr/bin/mkdir -p'
NEWLIB_CFLAGS=' -DMISSING_SYSCALL_NAMES -fno-builtin'
NEWLIB_HW_FP_FALSE=''
NEWLIB_HW_FP_TRUE='#'
NM='i686-reduceOS-nm'
NMEDIT=''
NO_INCLUDE_LIST=' rpc/types.h rpc/xdr.h'
OBJDUMP='i686-reduceOS-objdump'
OBJEXT='o'
OTOOL64=''
OTOOL=''
PACKAGE='newlib'
PACKAGE_BUGREPORT=''
PACKAGE_NAME='newlib'
PACKAGE_STRING='newlib 3.0.0'
PACKAGE_TARNAME='newlib'
PACKAGE_URL=''
PACKAGE_VERSION='3.0.0'
PATH_SEPARATOR=':'
POSIX_OBJECTLIST=''
RANLIB='i686-reduceOS-ranlib'
READELF='i686-reduceOS-readelf'
SED='/usr/bin/sed'
SET_MAKE=''
SHELL='/bin/bash'
SIGNAL_OBJECTLIST='libc/signal/objectlist.awk.in'
STDIO64_OBJECTLIST=''
STRIP='i686-reduceOS-strip'
SYSCALL_OBJECTLIST=''
SYS_MACH_OBJECTLIST=''
SYS_OBJECTLIST='libc/sys/reduceOS/objectlist.awk.in'
UNIX_OBJECTLIST=''
USE_LIBTOOL_FALSE=''
USE_LIBTOOL_TRUE='#'
VERSION='3.0.0'
ac_ct_CC=''
ac_ct_DUMPBIN=''
aext='a'
am__EXEEXT_FALSE=''
am__EXEEXT_TRUE='#'
am__fastdepCC_FALSE='#'
am__fastdepCC_TRUE=''
am__include='include'
am__isrc=' -I$(srcdir)'
am__leading_dot='.'
am__nodep='_no'
am__quote=''
am__tar='$${TAR-tar} chof - "$$tardir"'
am__untar='$${TAR-tar} xf -'
bindir='${exec_prefix}/bin'
build='x86_64-pc-linux-gnu'
build_alias='x86_64-pc-linux-gnu'
build_cpu='x86_64'
build_os='linux-gnu'
build_vendor='pc'
datadir='${datarootdir}'
datarootdir='${prefix}/share'
docdir='${datarootdir}/doc/${PACKAGE_TARNAME}'
dvidir='${docdir}'
exec_prefix='${prefix}'
host='i686-pc-reduceOS'
host_alias='i686-reduceOS'
host_cpu='i686'
host_os='reduceOS'
host_vendor='pc'
htmldir='${docdir}'
includedir='${prefix}/include'
infodir='${datarootdir}/info'
install_sh='${SHELL} /home/samuel/Desktop/reduceOS/source/newlib/newlib-src/install-sh'
libc_cv_cc_loop_to_function='yes'
libc_cv_initfinit_array='no'
libdir='${exec_prefix}/lib'
libexecdir='${exec_prefix}/libexec'
libm_machine_dir='i386'
localedir='${datarootdir}/locale'
localstatedir='${prefix}/var'
lpfx='lib_a-'
machine_dir='i386'
mandir='${datarootdir}/man'
mkdir_p='/usr/bin/mkdir -p'
newlib_basedir='../../../newlib-src/newlib/.'
oext='o'
oldincludedir='/usr/include'
pdfdir='${docdir}'
prefix='/usr'
program_transform_name='s&^&i686-reduceOS-&'
psdir='${docdir}'
sbindir='${exec_prefix}/sbin'
sharedstatedir='${prefix}/com'
subdirs=' libc libm doc'
sys_dir='reduceOS'
sysconfdir='${prefix}/etc'
target_alias='i686-reduceOS'

## ----------- ##
## confdefs.h. ##
## ----------- ##

/* confdefs.h */
#define PACKAGE_NAME "newlib"
#define PACKAGE_TARNAME "newlib"
#define PACKAGE_VERSION "3.0.0"
#define PACKAGE_STRING "newlib 3.0.0"
#define PACKAGE_BUGREPORT ""
#define PACKAGE_URL ""
#define _MB_LEN_MAX 1
#define _NEWLIB_VERSION "3.0.0"
#define __NEWLIB__ 3
#define __NEWLIB_MINOR__ 0
#define __NEWLIB_PATCHLEVEL__ 0
#define _ATEXIT_DYNAMIC_ALLOC 1
#define _FVWRITE_IN_STREAMIO 1
#define _FSEEK_OPTIMIZATION 1
#define _WIDE_ORIENT 1
#define _UNBUF_STREAM_OPT 1
#define _HAVE_CC_INHIBIT_LOOP_TO_LIBCALL 1
#define _HAVE_LONG_DOUBLE 1

configure: exit 0
