This file contains any messages produced by compilers while
running configure, to aid debugging if configure makes a mistake.

It was created by newlib configure 3.0.0, which was
generated by GNU Autoconf 2.68.  Invocation command line was

  $ ../../../../../newlib-src/newlib/libc/machine/configure --disable-option-checking --prefix=/usr --with-newlib --enable-multilib --with-cross-host=x86_64-pc-linux-gnu --program-transform-name=s&^&i686-reduceOS-& --with-target-subdir=i686-reduceOS --build=x86_64-pc-linux-gnu --host=i686-reduceOS --target=i686-reduceOS build_alias=x86_64-pc-linux-gnu host_alias=i686-reduceOS target_alias=i686-reduceOS CC=i686-reduceOS-cc -B/home/samuel/Desktop/reduceOS/source/newlib/newlib-build/i686-reduceOS/newlib/ -isystem /home/samuel/Desktop/reduceOS/source/newlib/newlib-build/i686-reduceOS/newlib/targ-include -isystem /home/samuel/Desktop/reduceOS/source/newlib/newlib-src/newlib/libc/include -B/home/samuel/Desktop/reduceOS/source/newlib/newlib-build/i686-reduceOS/libgloss/i386 -L/home/samuel/Desktop/reduceOS/source/newlib/newlib-build/i686-reduceOS/libgloss/libnosys -L/home/samuel/Desktop/reduceOS/source/newlib/newlib-src/libgloss/i386    CFLAGS=-g -O2 LDFLAGS= CPPFLAGS= --cache-file=../.././config.cache --srcdir=../../../../../newlib-src/newlib/libc/machine

## --------- ##
## Platform. ##
## --------- ##

hostname = samuel-desktop
uname -m = x86_64
uname -r = 5.15.0-105-generic
uname -s = Linux
uname -v = #115~20.04.1-Ubuntu SMP Mon Apr 15 17:33:04 UTC 2024

/usr/bin/uname -p = x86_64
/bin/uname -X     = unknown

/bin/arch              = x86_64
/usr/bin/arch -k       = unknown
/usr/convex/getsysinfo = unknown
/usr/bin/hostinfo      = unknown
/bin/machine           = unknown
/usr/bin/oslevel       = unknown
/bin/universe          = unknown

PATH: /home/samuel/.local/bin
PATH: /opt/devkitpro/tools/bin
PATH: /home/samuel/.local/bin
PATH: /opt/devkitpro/tools/bin
PATH: /usr/local/sbin
PATH: /usr/local/bin
PATH: /usr/sbin
PATH: /usr/bin
PATH: /sbin
PATH: /bin
PATH: /usr/games
PATH: /usr/local/games
PATH: /snap/bin
PATH: /snap/bin
PATH: /home/samuel/.dotnet/tools
PATH: /home/samuel/.dotnet/tools
PATH: /home/samuel/.local/bin
PATH: /opt/android-studio/bin/
PATH: /home/samuel/.local/bin
PATH: /opt/android-studio/bin/


## ----------- ##
## Core tests. ##
## ----------- ##

configure:2105: loading cache ../.././config.cache
configure:2223: checking build system type
configure:2237: result: x86_64-pc-linux-gnu
configure:2257: checking host system type
configure:2270: result: i686-pc-reduceOS
configure:2306: checking for a BSD-compatible install
configure:2374: result: /usr/bin/install -c
configure:2385: checking whether build environment is sane
configure:2435: result: yes
configure:2484: checking for i686-reduceOS-strip
configure:2511: result: i686-reduceOS-strip
configure:2576: checking for a thread-safe mkdir -p
configure:2615: result: /usr/bin/mkdir -p
configure:2628: checking for gawk
configure:2655: result: gawk
configure:2666: checking whether make sets $(MAKE)
configure:2688: result: yes
configure:2718: checking for style of include used by make
configure:2746: result: GNU
configure:2956: checking for gcc
configure:2983: result: i686-reduceOS-cc -B/home/samuel/Desktop/reduceOS/source/newlib/newlib-build/i686-reduceOS/newlib/ -isystem /home/samuel/Desktop/reduceOS/source/newlib/newlib-build/i686-reduceOS/newlib/targ-include -isystem /home/samuel/Desktop/reduceOS/source/newlib/newlib-src/newlib/libc/include -B/home/samuel/Desktop/reduceOS/source/newlib/newlib-build/i686-reduceOS/libgloss/i386 -L/home/samuel/Desktop/reduceOS/source/newlib/newlib-build/i686-reduceOS/libgloss/libnosys -L/home/samuel/Desktop/reduceOS/source/newlib/newlib-src/libgloss/i386   
configure:2994: checking dependency style of i686-reduceOS-cc -B/home/samuel/Desktop/reduceOS/source/newlib/newlib-build/i686-reduceOS/newlib/ -isystem /home/samuel/Desktop/reduceOS/source/newlib/newlib-build/i686-reduceOS/newlib/targ-include -isystem /home/samuel/Desktop/reduceOS/source/newlib/newlib-src/newlib/libc/include -B/home/samuel/Desktop/reduceOS/source/newlib/newlib-build/i686-reduceOS/libgloss/i386 -L/home/samuel/Desktop/reduceOS/source/newlib/newlib-build/i686-reduceOS/libgloss/libnosys -L/home/samuel/Desktop/reduceOS/source/newlib/newlib-src/libgloss/i386   
configure:3105: result: gcc3
configure:3178: checking whether we are using GNU C
configure:3199: result: yes
configure:3208: checking whether i686-reduceOS-cc -B/home/samuel/Desktop/reduceOS/source/newlib/newlib-build/i686-reduceOS/newlib/ -isystem /home/samuel/Desktop/reduceOS/source/newlib/newlib-build/i686-reduceOS/newlib/targ-include -isystem /home/samuel/Desktop/reduceOS/source/newlib/newlib-src/newlib/libc/include -B/home/samuel/Desktop/reduceOS/source/newlib/newlib-build/i686-reduceOS/libgloss/i386 -L/home/samuel/Desktop/reduceOS/source/newlib/newlib-build/i686-reduceOS/libgloss/libnosys -L/home/samuel/Desktop/reduceOS/source/newlib/newlib-src/libgloss/i386    accepts -g
configure:3269: result: no
configure:3302: checking for i686-reduceOS-as
configure:3329: result: i686-reduceOS-as
configure:3394: checking for i686-reduceOS-ar
configure:3421: result: i686-reduceOS-ar
configure:3486: checking for i686-reduceOS-ranlib
configure:3513: result: i686-reduceOS-ranlib
configure:3578: checking for i686-reduceOS-readelf
configure:3605: result: i686-reduceOS-readelf
configure:3674: checking whether to enable maintainer-specific portions of Makefiles
configure:3683: result: no
configure:3793: checking for a sed that does not truncate output
configure:3857: result: /usr/bin/sed
configure:3879: checking how to print strings
configure:3906: result: printf
configure:12153: creating ./config.status

## ---------------------- ##
## Running config.status. ##
## ---------------------- ##

This file was extended by newlib config.status 3.0.0, which was
generated by GNU Autoconf 2.68.  Invocation command line was

  CONFIG_FILES    = 
  CONFIG_HEADERS  = 
  CONFIG_LINKS    = 
  CONFIG_COMMANDS = 
  $ ./config.status 

on samuel-desktop

config.status:1031: creating Makefile
config.status:1188: executing depfiles commands
configure:14272: === configuring in i386 (/home/samuel/Desktop/reduceOS/source/newlib/newlib-build/i686-reduceOS/newlib/libc/machine/i386)
configure:14335: running /bin/bash ../../../../../../newlib-src/newlib/libc/machine/i386/configure --disable-option-checking '--prefix=/usr'  '--with-newlib' '--enable-multilib' '--with-cross-host=x86_64-pc-linux-gnu' '--program-transform-name=s&^&i686-reduceOS-&' '--with-target-subdir=i686-reduceOS' '--build=x86_64-pc-linux-gnu' '--host=i686-reduceOS' '--target=i686-reduceOS' 'build_alias=x86_64-pc-linux-gnu' 'host_alias=i686-reduceOS' 'target_alias=i686-reduceOS' 'CC=i686-reduceOS-cc -B/home/samuel/Desktop/reduceOS/source/newlib/newlib-build/i686-reduceOS/newlib/ -isystem /home/samuel/Desktop/reduceOS/source/newlib/newlib-build/i686-reduceOS/newlib/targ-include -isystem /home/samuel/Desktop/reduceOS/source/newlib/newlib-src/newlib/libc/include -B/home/samuel/Desktop/reduceOS/source/newlib/newlib-build/i686-reduceOS/libgloss/i386 -L/home/samuel/Desktop/reduceOS/source/newlib/newlib-build/i686-reduceOS/libgloss/libnosys -L/home/samuel/Desktop/reduceOS/source/newlib/newlib-src/libgloss/i386   ' 'CFLAGS=-g -O2' 'LDFLAGS=' 'CPPFLAGS=' --cache-file=../../.././config.cache --srcdir=../../../../../../newlib-src/newlib/libc/machine/i386

## ---------------- ##
## Cache variables. ##
## ---------------- ##

ac_cv_build=x86_64-pc-linux-gnu
ac_cv_c_compiler_gnu=yes
ac_cv_env_CCASFLAGS_set=
ac_cv_env_CCASFLAGS_value=
ac_cv_env_CCAS_set=
ac_cv_env_CCAS_value=
ac_cv_env_CC_set=set
ac_cv_env_CC_value='i686-reduceOS-cc -B/home/samuel/Desktop/reduceOS/source/newlib/newlib-build/i686-reduceOS/newlib/ -isystem /home/samuel/Desktop/reduceOS/source/newlib/newlib-build/i686-reduceOS/newlib/targ-include -isystem /home/samuel/Desktop/reduceOS/source/newlib/newlib-src/newlib/libc/include -B/home/samuel/Desktop/reduceOS/source/newlib/newlib-build/i686-reduceOS/libgloss/i386 -L/home/samuel/Desktop/reduceOS/source/newlib/newlib-build/i686-reduceOS/libgloss/libnosys -L/home/samuel/Desktop/reduceOS/source/newlib/newlib-src/libgloss/i386   '
ac_cv_env_CFLAGS_set=set
ac_cv_env_CFLAGS_value='-g -O2'
ac_cv_env_CPPFLAGS_set=set
ac_cv_env_CPPFLAGS_value=
ac_cv_env_CPP_set=
ac_cv_env_CPP_value=
ac_cv_env_LDFLAGS_set=set
ac_cv_env_LDFLAGS_value=
ac_cv_env_LIBS_set=
ac_cv_env_LIBS_value=
ac_cv_env_build_alias_set=set
ac_cv_env_build_alias_value=x86_64-pc-linux-gnu
ac_cv_env_host_alias_set=set
ac_cv_env_host_alias_value=i686-reduceOS
ac_cv_env_target_alias_set=set
ac_cv_env_target_alias_value=i686-reduceOS
ac_cv_host=i686-pc-reduceOS
ac_cv_path_SED=/usr/bin/sed
ac_cv_path_mkdir=/usr/bin/mkdir
ac_cv_prog_AR=i686-reduceOS-ar
ac_cv_prog_AS=i686-reduceOS-as
ac_cv_prog_AWK=gawk
ac_cv_prog_CC='i686-reduceOS-cc -B/home/samuel/Desktop/reduceOS/source/newlib/newlib-build/i686-reduceOS/newlib/ -isystem /home/samuel/Desktop/reduceOS/source/newlib/newlib-build/i686-reduceOS/newlib/targ-include -isystem /home/samuel/Desktop/reduceOS/source/newlib/newlib-src/newlib/libc/include -B/home/samuel/Desktop/reduceOS/source/newlib/newlib-build/i686-reduceOS/libgloss/i386 -L/home/samuel/Desktop/reduceOS/source/newlib/newlib-build/i686-reduceOS/libgloss/libnosys -L/home/samuel/Desktop/reduceOS/source/newlib/newlib-src/libgloss/i386   '
ac_cv_prog_RANLIB=i686-reduceOS-ranlib
ac_cv_prog_READELF=i686-reduceOS-readelf
ac_cv_prog_STRIP=i686-reduceOS-strip
ac_cv_prog_cc_g=no
ac_cv_prog_make_make_set=yes
acnewlib_cv_type_long_double=yes
am_cv_CC_dependencies_compiler_type=gcc3
libc_cv_cc_loop_to_function=yes
libc_cv_initfinit_array=no
newlib_cv_ldbl_eq_dbl=no

## ----------------- ##
## Output variables. ##
## ----------------- ##

ACLOCAL='${SHELL} /home/samuel/Desktop/reduceOS/source/newlib/newlib-src/missing --run aclocal-1.11'
AMDEPBACKSLASH='\'
AMDEP_FALSE='#'
AMDEP_TRUE=''
AMTAR='$${TAR-tar}'
AR='i686-reduceOS-ar'
AS='i686-reduceOS-as'
AUTOCONF='${SHELL} /home/samuel/Desktop/reduceOS/source/newlib/newlib-src/missing --run autoconf'
AUTOHEADER='${SHELL} /home/samuel/Desktop/reduceOS/source/newlib/newlib-src/missing --run autoheader'
AUTOMAKE='${SHELL} /home/samuel/Desktop/reduceOS/source/newlib/newlib-src/missing --run automake-1.11'
AWK='gawk'
CC='i686-reduceOS-cc -B/home/samuel/Desktop/reduceOS/source/newlib/newlib-build/i686-reduceOS/newlib/ -isystem /home/samuel/Desktop/reduceOS/source/newlib/newlib-build/i686-reduceOS/newlib/targ-include -isystem /home/samuel/Desktop/reduceOS/source/newlib/newlib-src/newlib/libc/include -B/home/samuel/Desktop/reduceOS/source/newlib/newlib-build/i686-reduceOS/libgloss/i386 -L/home/samuel/Desktop/reduceOS/source/newlib/newlib-build/i686-reduceOS/libgloss/libnosys -L/home/samuel/Desktop/reduceOS/source/newlib/newlib-src/libgloss/i386   '
CCAS='i686-reduceOS-cc -B/home/samuel/Desktop/reduceOS/source/newlib/newlib-build/i686-reduceOS/newlib/ -isystem /home/samuel/Desktop/reduceOS/source/newlib/newlib-build/i686-reduceOS/newlib/targ-include -isystem /home/samuel/Desktop/reduceOS/source/newlib/newlib-src/newlib/libc/include -B/home/samuel/Desktop/reduceOS/source/newlib/newlib-build/i686-reduceOS/libgloss/i386 -L/home/samuel/Desktop/reduceOS/source/newlib/newlib-build/i686-reduceOS/libgloss/libnosys -L/home/samuel/Desktop/reduceOS/source/newlib/newlib-src/libgloss/i386   '
CCASFLAGS='-g -O2'
CCDEPMODE='depmode=gcc3'
CFLAGS='-g -O2'
CPP=''
CPPFLAGS=''
CYGPATH_W='echo'
DEFS='-DPACKAGE_NAME=\"newlib\" -DPACKAGE_TARNAME=\"newlib\" -DPACKAGE_VERSION=\"3.0.0\" -DPACKAGE_STRING=\"newlib\ 3.0.0\" -DPACKAGE_BUGREPORT=\"\" -DPACKAGE_URL=\"\"'
DEPDIR='.deps'
DLLTOOL='i686-reduceOS-dlltool'
DSYMUTIL=''
DUMPBIN=''
ECHO_C=''
ECHO_N='-n'
ECHO_T=''
EGREP=''
ELIX_LEVEL_0_FALSE='#'
ELIX_LEVEL_0_TRUE=''
ELIX_LEVEL_1_FALSE=''
ELIX_LEVEL_1_TRUE='#'
ELIX_LEVEL_2_FALSE=''
ELIX_LEVEL_2_TRUE='#'
ELIX_LEVEL_3_FALSE=''
ELIX_LEVEL_3_TRUE='#'
ELIX_LEVEL_4_FALSE=''
ELIX_LEVEL_4_TRUE='#'
EXEEXT=''
FGREP=''
GREP=''
HAVE_MACHINE_DIR_FALSE='#'
HAVE_MACHINE_DIR_TRUE=''
INSTALL_DATA='/usr/bin/install -c -m 644'
INSTALL_PROGRAM='/usr/bin/install -c'
INSTALL_SCRIPT='/usr/bin/install -c'
INSTALL_STRIP_PROGRAM='$(install_sh) -c -s'
LD='i686-reduceOS-ld'
LDFLAGS=''
LIBOBJS=''
LIBS=''
LIBTOOL=''
LIPO='i686-reduceOS-lipo'
LN_S=''
LTLIBOBJS=''
MAINT='#'
MAINTAINER_MODE_FALSE=''
MAINTAINER_MODE_TRUE='#'
MAKEINFO='makeinfo --split-size=5000000'
MAY_SUPPLY_SYSCALLS_FALSE='#'
MAY_SUPPLY_SYSCALLS_TRUE=''
MKDIR_P='/usr/bin/mkdir -p'
NEWLIB_CFLAGS=' -DMISSING_SYSCALL_NAMES -fno-builtin'
NM='i686-reduceOS-nm'
NMEDIT=''
NO_INCLUDE_LIST=' rpc/types.h rpc/xdr.h'
OBJDUMP='i686-reduceOS-objdump'
OBJEXT='o'
OTOOL64=''
OTOOL=''
PACKAGE='newlib'
PACKAGE_BUGREPORT=''
PACKAGE_NAME='newlib'
PACKAGE_STRING='newlib 3.0.0'
PACKAGE_TARNAME='newlib'
PACKAGE_URL=''
PACKAGE_VERSION='3.0.0'
PATH_SEPARATOR=':'
RANLIB='i686-reduceOS-ranlib'
READELF='i686-reduceOS-readelf'
SED='/usr/bin/sed'
SET_MAKE=''
SHELL='/bin/bash'
STRIP='i686-reduceOS-strip'
USE_LIBTOOL_FALSE=''
USE_LIBTOOL_TRUE='#'
VERSION='3.0.0'
ac_ct_CC=''
ac_ct_DUMPBIN=''
aext='a'
am__EXEEXT_FALSE=''
am__EXEEXT_TRUE='#'
am__fastdepCC_FALSE='#'
am__fastdepCC_TRUE=''
am__include='include'
am__isrc=' -I$(srcdir)'
am__leading_dot='.'
am__nodep='_no'
am__quote=''
am__tar='$${TAR-tar} chof - "$$tardir"'
am__untar='$${TAR-tar} xf -'
bindir='${exec_prefix}/bin'
build='x86_64-pc-linux-gnu'
build_alias='x86_64-pc-linux-gnu'
build_cpu='x86_64'
build_os='linux-gnu'
build_vendor='pc'
datadir='${datarootdir}'
datarootdir='${prefix}/share'
docdir='${datarootdir}/doc/${PACKAGE_TARNAME}'
dvidir='${docdir}'
exec_prefix='${prefix}'
host='i686-pc-reduceOS'
host_alias='i686-reduceOS'
host_cpu='i686'
host_os='reduceOS'
host_vendor='pc'
htmldir='${docdir}'
includedir='${prefix}/include'
infodir='${datarootdir}/info'
install_sh='${SHELL} /home/samuel/Desktop/reduceOS/source/newlib/newlib-src/install-sh'
libdir='${exec_prefix}/lib'
libexecdir='${exec_prefix}/libexec'
libm_machine_dir='i386'
localedir='${datarootdir}/locale'
localstatedir='${prefix}/var'
lpfx='lib_a-'
machine_dir='i386'
mandir='${datarootdir}/man'
mkdir_p='/usr/bin/mkdir -p'
newlib_basedir='../../../../../newlib-src/newlib/libc/machine/../..'
oext='o'
oldincludedir='/usr/include'
pdfdir='${docdir}'
prefix='/usr'
program_transform_name='s&^&i686-reduceOS-&'
psdir='${docdir}'
sbindir='${exec_prefix}/sbin'
sharedstatedir='${prefix}/com'
subdirs=' i386'
sys_dir='reduceOS'
sysconfdir='${prefix}/etc'
target_alias='i686-reduceOS'

## ----------- ##
## confdefs.h. ##
## ----------- ##

/* confdefs.h */
#define PACKAGE_NAME "newlib"
#define PACKAGE_TARNAME "newlib"
#define PACKAGE_VERSION "3.0.0"
#define PACKAGE_STRING "newlib 3.0.0"
#define PACKAGE_BUGREPORT ""
#define PACKAGE_URL ""

configure: exit 0
