This file contains any messages produced by compilers while
running configure, to aid debugging if configure makes a mistake.

It was created by libgloss configure LIBGLOSS_VERSION, which was
generated by GNU Autoconf 2.68.  Invocation command line was

  $ /home/samuel/Desktop/reduceOS/source/newlib/newlib-src/libgloss/configure --srcdir=../../../newlib-src/libgloss --cache-file=./config.cache --with-newlib --enable-multilib --with-cross-host=x86_64-pc-linux-gnu --prefix /usr --program-transform-name=s&^&i686-reduceOS-& --disable-option-checking --with-target-subdir=i686-reduceOS --build=x86_64-pc-linux-gnu --host=i686-reduceOS --target=i686-reduceOS

## --------- ##
## Platform. ##
## --------- ##

hostname = samuel-desktop
uname -m = x86_64
uname -r = 5.15.0-105-generic
uname -s = Linux
uname -v = #115~20.04.1-Ubuntu SMP Mon Apr 15 17:33:04 UTC 2024

/usr/bin/uname -p = x86_64
/bin/uname -X     = unknown

/bin/arch              = x86_64
/usr/bin/arch -k       = unknown
/usr/convex/getsysinfo = unknown
/usr/bin/hostinfo      = unknown
/bin/machine           = unknown
/usr/bin/oslevel       = unknown
/bin/universe          = unknown

PATH: /opt/devkitpro/tools/bin
PATH: /home/samuel/.local/bin
PATH: /opt/devkitpro/tools/bin
PATH: /usr/local/sbin
PATH: /usr/local/bin
PATH: /usr/sbin
PATH: /usr/bin
PATH: /sbin
PATH: /bin
PATH: /usr/games
PATH: /usr/local/games
PATH: /snap/bin
PATH: /snap/bin
PATH: /home/samuel/.dotnet/tools
PATH: /home/samuel/.dotnet/tools
PATH: /home/samuel/.local/bin
PATH: /opt/android-studio/bin/
PATH: /home/samuel/.local/bin
PATH: /opt/android-studio/bin/


## ----------- ##
## Core tests. ##
## ----------- ##

configure:1733: creating cache ./config.cache
configure:1865: checking for a BSD-compatible install
configure:1933: result: /usr/bin/install -c
configure:1949: checking build system type
configure:1963: result: x86_64-pc-linux-gnu
configure:1983: checking host system type
configure:1996: result: i686-pc-reduceOS
configure:2016: checking target system type
configure:2029: result: i686-pc-reduceOS
configure:2057: checking whether build environment is sane
configure:2094: result: yes
configure:2156: checking for gawk
configure:2183: result: gawk
configure:2194: checking whether make sets $(MAKE)
configure:2216: result: yes
configure:2281: checking for i686-reduceOS-strip
configure:2308: result: i686-reduceOS-strip
configure:2605: checking for style of include used by make
configure:2633: result: GNU
configure:2660: checking for gcc
configure:2687: result: i686-reduceOS-cc -B/home/samuel/Desktop/reduceOS/source/newlib/newlib-build/i686-reduceOS/newlib/ -isystem /home/samuel/Desktop/reduceOS/source/newlib/newlib-build/i686-reduceOS/newlib/targ-include -isystem /home/samuel/Desktop/reduceOS/source/newlib/newlib-src/newlib/libc/include -B/home/samuel/Desktop/reduceOS/source/newlib/newlib-build/i686-reduceOS/libgloss/i386 -L/home/samuel/Desktop/reduceOS/source/newlib/newlib-build/i686-reduceOS/libgloss/libnosys -L/home/samuel/Desktop/reduceOS/source/newlib/newlib-src/libgloss/i386   
configure:2698: checking dependency style of i686-reduceOS-cc -B/home/samuel/Desktop/reduceOS/source/newlib/newlib-build/i686-reduceOS/newlib/ -isystem /home/samuel/Desktop/reduceOS/source/newlib/newlib-build/i686-reduceOS/newlib/targ-include -isystem /home/samuel/Desktop/reduceOS/source/newlib/newlib-src/newlib/libc/include -B/home/samuel/Desktop/reduceOS/source/newlib/newlib-build/i686-reduceOS/libgloss/i386 -L/home/samuel/Desktop/reduceOS/source/newlib/newlib-build/i686-reduceOS/libgloss/libnosys -L/home/samuel/Desktop/reduceOS/source/newlib/newlib-src/libgloss/i386   
configure:2788: result: gcc3
configure:2863: checking whether we are using GNU C
configure:2874: i686-reduceOS-cc -B/home/samuel/Desktop/reduceOS/source/newlib/newlib-build/i686-reduceOS/newlib/ -isystem /home/samuel/Desktop/reduceOS/source/newlib/newlib-build/i686-reduceOS/newlib/targ-include -isystem /home/samuel/Desktop/reduceOS/source/newlib/newlib-src/newlib/libc/include -B/home/samuel/Desktop/reduceOS/source/newlib/newlib-build/i686-reduceOS/libgloss/i386 -L/home/samuel/Desktop/reduceOS/source/newlib/newlib-build/i686-reduceOS/libgloss/libnosys -L/home/samuel/Desktop/reduceOS/source/newlib/newlib-src/libgloss/i386    -E conftest.c
configure:2877: $? = 0
configure:2884: result: yes
configure:2894: checking whether i686-reduceOS-cc -B/home/samuel/Desktop/reduceOS/source/newlib/newlib-build/i686-reduceOS/newlib/ -isystem /home/samuel/Desktop/reduceOS/source/newlib/newlib-build/i686-reduceOS/newlib/targ-include -isystem /home/samuel/Desktop/reduceOS/source/newlib/newlib-src/newlib/libc/include -B/home/samuel/Desktop/reduceOS/source/newlib/newlib-build/i686-reduceOS/libgloss/i386 -L/home/samuel/Desktop/reduceOS/source/newlib/newlib-build/i686-reduceOS/libgloss/libnosys -L/home/samuel/Desktop/reduceOS/source/newlib/newlib-src/libgloss/i386    accepts -g
configure:2914: i686-reduceOS-cc -B/home/samuel/Desktop/reduceOS/source/newlib/newlib-build/i686-reduceOS/newlib/ -isystem /home/samuel/Desktop/reduceOS/source/newlib/newlib-build/i686-reduceOS/newlib/targ-include -isystem /home/samuel/Desktop/reduceOS/source/newlib/newlib-src/newlib/libc/include -B/home/samuel/Desktop/reduceOS/source/newlib/newlib-build/i686-reduceOS/libgloss/i386 -L/home/samuel/Desktop/reduceOS/source/newlib/newlib-build/i686-reduceOS/libgloss/libnosys -L/home/samuel/Desktop/reduceOS/source/newlib/newlib-src/libgloss/i386    -c -g  conftest.c >&5
configure:2914: $? = 0
configure: failed program was:
| /* confdefs.h */
| #define PACKAGE_NAME "libgloss"
| #define PACKAGE_TARNAME "libgloss"
| #define PACKAGE_VERSION "LIBGLOSS_VERSION"
| #define PACKAGE_STRING "libgloss LIBGLOSS_VERSION"
| #define PACKAGE_BUGREPORT ""
| #define PACKAGE_URL ""
| /* end confdefs.h.  */
| 
| int
| main ()
| {
| 
|   ;
|   return 0;
| }
configure:2929: i686-reduceOS-cc -B/home/samuel/Desktop/reduceOS/source/newlib/newlib-build/i686-reduceOS/newlib/ -isystem /home/samuel/Desktop/reduceOS/source/newlib/newlib-build/i686-reduceOS/newlib/targ-include -isystem /home/samuel/Desktop/reduceOS/source/newlib/newlib-src/newlib/libc/include -B/home/samuel/Desktop/reduceOS/source/newlib/newlib-build/i686-reduceOS/libgloss/i386 -L/home/samuel/Desktop/reduceOS/source/newlib/newlib-build/i686-reduceOS/libgloss/libnosys -L/home/samuel/Desktop/reduceOS/source/newlib/newlib-src/libgloss/i386    -c   conftest.c >&5
configure:2929: $? = 0
configure: failed program was:
| /* confdefs.h */
| #define PACKAGE_NAME "libgloss"
| #define PACKAGE_TARNAME "libgloss"
| #define PACKAGE_VERSION "LIBGLOSS_VERSION"
| #define PACKAGE_STRING "libgloss LIBGLOSS_VERSION"
| #define PACKAGE_BUGREPORT ""
| #define PACKAGE_URL ""
| /* end confdefs.h.  */
| 
| int
| main ()
| {
| 
|   ;
|   return 0;
| }
configure:2945: i686-reduceOS-cc -B/home/samuel/Desktop/reduceOS/source/newlib/newlib-build/i686-reduceOS/newlib/ -isystem /home/samuel/Desktop/reduceOS/source/newlib/newlib-build/i686-reduceOS/newlib/targ-include -isystem /home/samuel/Desktop/reduceOS/source/newlib/newlib-src/newlib/libc/include -B/home/samuel/Desktop/reduceOS/source/newlib/newlib-build/i686-reduceOS/libgloss/i386 -L/home/samuel/Desktop/reduceOS/source/newlib/newlib-build/i686-reduceOS/libgloss/libnosys -L/home/samuel/Desktop/reduceOS/source/newlib/newlib-src/libgloss/i386    -c -g  conftest.c >&5
configure:2945: $? = 0
configure: failed program was:
| /* confdefs.h */
| #define PACKAGE_NAME "libgloss"
| #define PACKAGE_TARNAME "libgloss"
| #define PACKAGE_VERSION "LIBGLOSS_VERSION"
| #define PACKAGE_STRING "libgloss LIBGLOSS_VERSION"
| #define PACKAGE_BUGREPORT ""
| #define PACKAGE_URL ""
| /* end confdefs.h.  */
| 
| int
| main ()
| {
| 
|   ;
|   return 0;
| }
configure:2955: result: no
configure:2988: checking for ar
configure:3016: result: i686-reduceOS-ar
configure:3031: checking for i686-reduceOS-ranlib
configure:3058: result: i686-reduceOS-ranlib
configure:3200: updating cache ./config.cache
configure:3293: creating ./config.status

## ---------------------- ##
## Running config.status. ##
## ---------------------- ##

This file was extended by libgloss config.status LIBGLOSS_VERSION, which was
generated by GNU Autoconf 2.68.  Invocation command line was

  CONFIG_FILES    = 
  CONFIG_HEADERS  = 
  CONFIG_LINKS    = 
  CONFIG_COMMANDS = 
  $ ./config.status 

on samuel-desktop

config.status:825: creating Makefile
config.status:981: executing depfiles commands
configure:4535: === configuring in doc (/home/samuel/Desktop/reduceOS/source/newlib/newlib-build/i686-reduceOS/libgloss/doc)
configure:4598: running /bin/bash ../../../../newlib-src/libgloss/doc/configure --disable-option-checking '--prefix=/usr'  '--with-newlib' '--enable-multilib' '--with-cross-host=x86_64-pc-linux-gnu' '--program-transform-name=s&^&i686-reduceOS-&' '--with-target-subdir=i686-reduceOS' '--build=x86_64-pc-linux-gnu' '--host=i686-reduceOS' '--target=i686-reduceOS' 'build_alias=x86_64-pc-linux-gnu' 'host_alias=i686-reduceOS' 'target_alias=i686-reduceOS' --cache-file=.././config.cache --srcdir=../../../../newlib-src/libgloss/doc
configure:4535: === configuring in libnosys (/home/samuel/Desktop/reduceOS/source/newlib/newlib-build/i686-reduceOS/libgloss/libnosys)
configure:4598: running /bin/bash ../../../../newlib-src/libgloss/libnosys/configure --disable-option-checking '--prefix=/usr'  '--with-newlib' '--enable-multilib' '--with-cross-host=x86_64-pc-linux-gnu' '--program-transform-name=s&^&i686-reduceOS-&' '--with-target-subdir=i686-reduceOS' '--build=x86_64-pc-linux-gnu' '--host=i686-reduceOS' '--target=i686-reduceOS' 'build_alias=x86_64-pc-linux-gnu' 'host_alias=i686-reduceOS' 'target_alias=i686-reduceOS' --cache-file=.././config.cache --srcdir=../../../../newlib-src/libgloss/libnosys

## ---------------- ##
## Cache variables. ##
## ---------------- ##

ac_cv_build=x86_64-pc-linux-gnu
ac_cv_c_compiler_gnu=yes
ac_cv_env_CCASFLAGS_set=
ac_cv_env_CCASFLAGS_value=
ac_cv_env_CCAS_set=
ac_cv_env_CCAS_value=
ac_cv_env_build_alias_set=set
ac_cv_env_build_alias_value=x86_64-pc-linux-gnu
ac_cv_env_host_alias_set=set
ac_cv_env_host_alias_value=i686-reduceOS
ac_cv_env_target_alias_set=set
ac_cv_env_target_alias_value=i686-reduceOS
ac_cv_host=i686-pc-reduceOS
ac_cv_prog_AR=i686-reduceOS-ar
ac_cv_prog_AWK=gawk
ac_cv_prog_CC='i686-reduceOS-cc -B/home/samuel/Desktop/reduceOS/source/newlib/newlib-build/i686-reduceOS/newlib/ -isystem /home/samuel/Desktop/reduceOS/source/newlib/newlib-build/i686-reduceOS/newlib/targ-include -isystem /home/samuel/Desktop/reduceOS/source/newlib/newlib-src/newlib/libc/include -B/home/samuel/Desktop/reduceOS/source/newlib/newlib-build/i686-reduceOS/libgloss/i386 -L/home/samuel/Desktop/reduceOS/source/newlib/newlib-build/i686-reduceOS/libgloss/libnosys -L/home/samuel/Desktop/reduceOS/source/newlib/newlib-src/libgloss/i386   '
ac_cv_prog_RANLIB=i686-reduceOS-ranlib
ac_cv_prog_STRIP=i686-reduceOS-strip
ac_cv_prog_cc_g=no
ac_cv_prog_make_make_set=yes
ac_cv_target=i686-pc-reduceOS
am_cv_CC_dependencies_compiler_type=gcc3

## ----------------- ##
## Output variables. ##
## ----------------- ##

ACLOCAL='${SHELL} /home/samuel/Desktop/reduceOS/source/newlib/newlib-src/missing --run aclocal-1.9'
AMDEPBACKSLASH='\'
AMDEP_FALSE='#'
AMDEP_TRUE=''
AMTAR='${SHELL} /home/samuel/Desktop/reduceOS/source/newlib/newlib-src/missing --run tar'
AR='i686-reduceOS-ar'
AS='i686-reduceOS-as'
AUTOCONF='${SHELL} /home/samuel/Desktop/reduceOS/source/newlib/newlib-src/missing --run autoconf'
AUTOHEADER='${SHELL} /home/samuel/Desktop/reduceOS/source/newlib/newlib-src/missing --run autoheader'
AUTOMAKE='${SHELL} /home/samuel/Desktop/reduceOS/source/newlib/newlib-src/missing --run automake-1.9'
AWK='gawk'
CC='i686-reduceOS-cc -B/home/samuel/Desktop/reduceOS/source/newlib/newlib-build/i686-reduceOS/newlib/ -isystem /home/samuel/Desktop/reduceOS/source/newlib/newlib-build/i686-reduceOS/newlib/targ-include -isystem /home/samuel/Desktop/reduceOS/source/newlib/newlib-src/newlib/libc/include -B/home/samuel/Desktop/reduceOS/source/newlib/newlib-build/i686-reduceOS/libgloss/i386 -L/home/samuel/Desktop/reduceOS/source/newlib/newlib-build/i686-reduceOS/libgloss/libnosys -L/home/samuel/Desktop/reduceOS/source/newlib/newlib-src/libgloss/i386   '
CCAS='i686-reduceOS-cc -B/home/samuel/Desktop/reduceOS/source/newlib/newlib-build/i686-reduceOS/newlib/ -isystem /home/samuel/Desktop/reduceOS/source/newlib/newlib-build/i686-reduceOS/newlib/targ-include -isystem /home/samuel/Desktop/reduceOS/source/newlib/newlib-src/newlib/libc/include -B/home/samuel/Desktop/reduceOS/source/newlib/newlib-build/i686-reduceOS/libgloss/i386 -L/home/samuel/Desktop/reduceOS/source/newlib/newlib-build/i686-reduceOS/libgloss/libnosys -L/home/samuel/Desktop/reduceOS/source/newlib/newlib-src/libgloss/i386   '
CCASFLAGS=''
CCDEPMODE='depmode=gcc3'
CYGPATH_W='echo'
DEFS='-DPACKAGE_NAME=\"libgloss\" -DPACKAGE_TARNAME=\"libgloss\" -DPACKAGE_VERSION=\"LIBGLOSS_VERSION\" -DPACKAGE_STRING=\"libgloss\ LIBGLOSS_VERSION\" -DPACKAGE_BUGREPORT=\"\" -DPACKAGE_URL=\"\"'
DEPDIR='.deps'
ECHO_C=''
ECHO_N='-n'
ECHO_T=''
INSTALL_DATA='/usr/bin/install -c -m 644'
INSTALL_PROGRAM='/usr/bin/install -c'
INSTALL_SCRIPT='/usr/bin/install -c'
INSTALL_STRIP_PROGRAM='${SHELL} $(install_sh) -c -s'
LD='i686-reduceOS-ld'
LIBOBJS=''
LIBS=''
LTLIBOBJS=''
MAKEINFO='makeinfo --split-size=5000000'
PACKAGE='libgloss'
PACKAGE_BUGREPORT=''
PACKAGE_NAME='libgloss'
PACKAGE_STRING='libgloss LIBGLOSS_VERSION'
PACKAGE_TARNAME='libgloss'
PACKAGE_URL=''
PACKAGE_VERSION='LIBGLOSS_VERSION'
PATH_SEPARATOR=':'
RANLIB='i686-reduceOS-ranlib'
SET_MAKE=''
SHELL='/bin/bash'
STRIP='i686-reduceOS-strip'
VERSION='LIBGLOSS_VERSION'
am__fastdepCC_FALSE='#'
am__fastdepCC_TRUE=''
am__include='include'
am__leading_dot='.'
am__quote=''
am__tar='${AMTAR} chof - "$$tardir"'
am__untar='${AMTAR} xf -'
bindir='${exec_prefix}/bin'
build='x86_64-pc-linux-gnu'
build_alias='x86_64-pc-linux-gnu'
build_cpu='x86_64'
build_os='linux-gnu'
build_vendor='pc'
datadir='${datarootdir}'
datarootdir='${prefix}/share'
docdir='${datarootdir}/doc/${PACKAGE_TARNAME}'
dvidir='${docdir}'
exec_prefix='${prefix}'
host='i686-pc-reduceOS'
host_alias='i686-reduceOS'
host_cpu='i686'
host_makefile_frag_path='../../../newlib-src/libgloss/config/default.mh'
host_os='reduceOS'
host_vendor='pc'
htmldir='${docdir}'
includedir='${prefix}/include'
infodir='${datarootdir}/info'
install_sh='/home/samuel/Desktop/reduceOS/source/newlib/newlib-src/install-sh'
libdir='${exec_prefix}/lib'
libexecdir='${exec_prefix}/libexec'
localedir='${datarootdir}/locale'
localstatedir='${prefix}/var'
mandir='${datarootdir}/man'
mkdir_p='mkdir -p --'
oldincludedir='/usr/include'
pdfdir='${docdir}'
prefix='/usr'
program_transform_name='s&^&i686-reduceOS-&'
psdir='${docdir}'
sbindir='${exec_prefix}/sbin'
sharedstatedir='${prefix}/com'
subdirs=' doc libnosys'
sysconfdir='${prefix}/etc'
target='i686-pc-reduceOS'
target_alias='i686-reduceOS'
target_cpu='i686'
target_os='reduceOS'
target_vendor='pc'

## ------------------- ##
## File substitutions. ##
## ------------------- ##

host_makefile_frag='../../../newlib-src/libgloss/config/default.mh'

## ----------- ##
## confdefs.h. ##
## ----------- ##

/* confdefs.h */
#define PACKAGE_NAME "libgloss"
#define PACKAGE_TARNAME "libgloss"
#define PACKAGE_VERSION "LIBGLOSS_VERSION"
#define PACKAGE_STRING "libgloss LIBGLOSS_VERSION"
#define PACKAGE_BUGREPORT ""
#define PACKAGE_URL ""

configure: exit 0
